Log file open, 02/20/20 17:16:20
LogWindows: Failed to load 'aqProf.dll' (GetLastError=126)
LogWindows: File 'aqProf.dll' does not exist
LogWindows: Failed to load 'VtuneApi.dll' (GetLastError=126)
LogWindows: File 'VtuneApi.dll' does not exist
LogWindows: Failed to load 'VtuneApi32e.dll' (GetLastError=126)
LogWindows: File 'VtuneApi32e.dll' does not exist
LogConsoleResponse: Display: Failed to find resolution value strings in scalability ini. Falling back to default.
LogInit: Display: Running engine for game: TheProject
LogPlatformFile: Not using cached read wrapper
LogTaskGraph: Started task graph with 5 named threads and 35 total threads with 3 sets of task threads.
LogStats: Stats thread started at 0.079832
LogD3D11RHI: Loaded GFSDK_Aftermath_Lib.x64.dll
LogICUInternationalization: ICU TimeZone Detection - Raw Offset: +0:00, Platform Override: ''
LogPluginManager: Mounting plugin Paper2D
LogPluginManager: Mounting plugin AISupport
LogPluginManager: Mounting plugin LightPropagationVolume
LogPluginManager: Mounting plugin ActorLayerUtilities
LogPluginManager: Mounting plugin AnimationSharing
LogPluginManager: Mounting plugin CLionSourceCodeAccess
LogPluginManager: Mounting plugin CodeLiteSourceCodeAccess
LogPluginManager: Mounting plugin GitSourceControl
LogPluginManager: Mounting plugin KDevelopSourceCodeAccess
LogPluginManager: Mounting plugin NullSourceCodeAccess
LogPluginManager: Mounting plugin PerforceSourceControl
LogPluginManager: Mounting plugin SubversionSourceControl
LogPluginManager: Mounting plugin UObjectPlugin
LogPluginManager: Mounting plugin VisualStudioCodeSourceCodeAccess
LogPluginManager: Mounting plugin VisualStudioSourceCodeAccess
LogPluginManager: Mounting plugin XCodeSourceCodeAccess
LogPluginManager: Mounting plugin AssetManagerEditor
LogPluginManager: Mounting plugin CryptoKeys
LogPluginManager: Mounting plugin CurveEditorTools
LogPluginManager: Mounting plugin DataValidation
LogPluginManager: Mounting plugin FacialAnimation
LogPluginManager: Mounting plugin GameplayTagsEditor
LogPluginManager: Mounting plugin MacGraphicsSwitching
LogPluginManager: Mounting plugin MaterialAnalyzer
LogPluginManager: Mounting plugin MobileLauncherProfileWizard
LogPluginManager: Mounting plugin PluginBrowser
LogPluginManager: Mounting plugin SpeedTreeImporter
LogPluginManager: Mounting plugin DatasmithContent
LogPluginManager: Mounting plugin VariantManagerContent
LogPluginManager: Mounting plugin AlembicImporter
LogPluginManager: Mounting plugin AutomationUtils
LogPluginManager: Mounting plugin BackChannel
LogPluginManager: Mounting plugin CharacterAI
LogPluginManager: Mounting plugin CodeView
LogPluginManager: Mounting plugin GeometryCache
LogPluginManager: Mounting plugin HTML5Networking
LogPluginManager: Mounting plugin PlatformCrypto
LogPluginManager: Mounting plugin ProxyLODPlugin
LogPluginManager: Mounting plugin SkeletalReduction
LogPluginManager: Mounting plugin HoudiniNiagara
LogPluginManager: Mounting plugin Niagara
LogPluginManager: Mounting plugin MagicLeap
LogPluginManager: Mounting plugin MagicLeapMedia
LogPluginManager: Mounting plugin AndroidMedia
LogPluginManager: Mounting plugin AvfMedia
LogPluginManager: Mounting plugin ImgMedia
LogPluginManager: Mounting plugin MediaCompositing
LogPluginManager: Mounting plugin MediaPlayerEditor
LogPluginManager: Mounting plugin WebMMedia
LogPluginManager: Mounting plugin WmfMedia
LogPluginManager: Mounting plugin TcpMessaging
LogPluginManager: Mounting plugin UdpMessaging
LogPluginManager: Mounting plugin ActorSequence
LogPluginManager: Mounting plugin LevelSequenceEditor
LogPluginManager: Mounting plugin MatineeToLevelSequence
LogPluginManager: Mounting plugin NetcodeUnitTest
LogPluginManager: Mounting plugin NUTUnrealEngine4
LogPluginManager: Mounting plugin OnlineSubsystemGooglePlay
LogPluginManager: Mounting plugin OnlineSubsystemIOS
LogPluginManager: Mounting plugin OnlineSubsystem
LogPluginManager: Mounting plugin OnlineSubsystemNull
LogPluginManager: Mounting plugin OnlineSubsystemUtils
LogPluginManager: Mounting plugin LauncherChunkInstaller
LogPluginManager: Mounting plugin AndroidDeviceProfileSelector
LogPluginManager: Mounting plugin AndroidMoviePlayer
LogPluginManager: Mounting plugin AndroidPermission
LogPluginManager: Mounting plugin ApexDestruction
LogPluginManager: Mounting plugin AppleImageUtils
LogPluginManager: Mounting plugin AppleMoviePlayer
LogPluginManager: Mounting plugin ArchVisCharacter
LogPluginManager: Mounting plugin AudioCapture
LogPluginManager: Mounting plugin CableComponent
LogPluginManager: Mounting plugin CustomMeshComponent
LogPluginManager: Mounting plugin EditableMesh
LogPluginManager: Mounting plugin ExampleDeviceProfileSelector
LogPluginManager: Mounting plugin GoogleCloudMessaging
LogPluginManager: Mounting plugin IOSDeviceProfileSelector
LogPluginManager: Mounting plugin LinuxDeviceProfileSelector
LogPluginManager: Mounting plugin LocationServicesBPLibrary
LogPluginManager: Mounting plugin MobilePatchingUtils
LogPluginManager: Mounting plugin OculusVR
LogPluginManager: Mounting plugin PhysXVehicles
LogPluginManager: Mounting plugin ProceduralMeshComponent
LogPluginManager: Mounting plugin RuntimePhysXCooking
LogPluginManager: Mounting plugin SignificanceManager
LogPluginManager: Mounting plugin SteamVR
LogPluginManager: Mounting plugin WebMMoviePlayer
LogPluginManager: Mounting plugin WindowsMoviePlayer
LogPluginManager: Mounting plugin ScreenshotTools
LogInit: Using libcurl 7.55.1-DEV
LogInit:  - built for x86_64-pc-win32
LogInit:  - supports SSL with OpenSSL/1.1.1
LogInit:  - supports HTTP deflate (compression) using libz 1.2.8
LogInit:  - other features:
LogInit:      CURL_VERSION_SSL
LogInit:      CURL_VERSION_LIBZ
LogInit:      CURL_VERSION_IPV6
LogInit:      CURL_VERSION_ASYNCHDNS
LogInit:      CURL_VERSION_LARGEFILE
LogInit:      CURL_VERSION_IDN
LogInit:  CurlRequestOptions (configurable via config and command line):
LogInit:  - bVerifyPeer = true  - Libcurl will verify peer certificate
LogInit:  - bUseHttpProxy = false  - Libcurl will NOT use HTTP proxy
LogInit:  - bDontReuseConnections = false  - Libcurl will reuse connections
LogInit:  - MaxHostConnections = 16  - Libcurl will limit the number of connections to a host
LogInit:  - LocalHostAddr = Default
LogInit:  - BufferSize = 65536
LogOnline: OSS: Creating online subsystem instance for: NULL
LogInit: WinSock: version 1.1 (2.2), MaxSocks=32767, MaxUdp=65467
LogInit: Build: ++UE4+Release-4.23-CL-9631420
LogInit: Engine Version: 4.23.1-9631420+++UE4+Release-4.23
LogInit: Compatible Engine Version: 4.23.0-8386587+++UE4+Release-4.23
LogInit: Net CL: 8386587
LogInit: OS: Windows 10 (Release 1903) (), CPU: Intel(R) Core(TM) i7-8750H CPU @ 2.20GHz, GPU: Intel(R) UHD Graphics 630
LogInit: Compiled (64-bit): Oct 18 2019 02:07:44
LogInit: Compiled with Visual C++: 19.16.27030.01
LogInit: Build Configuration: Development
LogInit: Branch Name: ++UE4+Release-4.23
LogInit: Command Line:  -EpicPortal -epicusername=Keiishkii -epicuserid=42cd3d48435841998e646900a6c14185 -epiclocale=en
LogInit: Base Directory: C:/Program Files/Epic Games/UE_4.23/Engine/Binaries/Win64/
LogInit: Installed Engine Build: 1
LogDevObjectVersion: Number of dev versions registered: 23
LogDevObjectVersion:   Dev-Blueprints (B0D832E4-1F89-4F0D-ACCF-7EB736FD4AA2): 10
LogDevObjectVersion:   Dev-Build (E1C64328-A22C-4D53-A36C-8E866417BD8C): 0
LogDevObjectVersion:   Dev-Core (375EC13C-06E4-48FB-B500-84F0262A717E): 3
LogDevObjectVersion:   Dev-Editor (E4B068ED-F494-42E9-A231-DA0B2E46BB41): 34
LogDevObjectVersion:   Dev-Framework (CFFC743F-43B0-4480-9391-14DF171D2073): 35
LogDevObjectVersion:   Dev-Mobile (B02B49B5-BB20-44E9-A304-32B752E40360): 2
LogDevObjectVersion:   Dev-Networking (A4E4105C-59A1-49B5-A7C5-40C4547EDFEE): 0
LogDevObjectVersion:   Dev-Online (39C831C9-5AE6-47DC-9A44-9C173E1C8E7C): 0
LogDevObjectVersion:   Dev-Physics (78F01B33-EBEA-4F98-B9B4-84EACCB95AA2): 0
LogDevObjectVersion:   Dev-Platform (6631380F-2D4D-43E0-8009-CF276956A95A): 0
LogDevObjectVersion:   Dev-Rendering (12F88B9F-8875-4AFC-A67C-D90C383ABD29): 31
LogDevObjectVersion:   Dev-Sequencer (7B5AE74C-D270-4C10-A958-57980B212A5A): 11
LogDevObjectVersion:   Dev-VR (D7296918-1DD6-4BDD-9DE2-64A83CC13884): 2
LogDevObjectVersion:   Dev-LoadTimes (C2A15278-BFE7-4AFE-6C17-90FF531DF755): 1
LogDevObjectVersion:   Private-Geometry (6EACA3D4-40EC-4CC1-B786-8BED09428FC5): 3
LogDevObjectVersion:   Dev-AnimPhys (29E575DD-E0A3-4627-9D10-D276232CDCEA): 17
LogDevObjectVersion:   Dev-Anim (AF43A65D-7FD3-4947-9873-3E8ED9C1BB05): 2
LogDevObjectVersion:   Dev-ReflectionCapture (6B266CEC-1EC7-4B8F-A30B-E4D90942FC07): 1
LogDevObjectVersion:   Dev-Automation (0DF73D61-A23F-47EA-B727-89E90C41499A): 1
LogDevObjectVersion:   FortniteMain (601D1886-AC64-4F84-AA16-D3DE0DEAC7D6): 27
LogDevObjectVersion:   Dev-Enterprise (9DFFBCD6-494F-0158-E221-12823C92A888): 6
LogDevObjectVersion:   Dev-Niagara (F2AED0AC-9AFE-416F-8664-AA7FFA26D6FC): 1
LogDevObjectVersion:   Dev-Destruction (174F1F0B-B4C6-45A5-B13F-2EE8D0FB917D): 9
LogInit: Presizing for max 16777216 objects, including 0 objects not considered by GC, pre-allocating 0 bytes for permanent pool.
LogInit: Object subsystem initialized
LogConfig: Setting CVar [[con.DebugEarlyDefault:1]]
LogConfig: Setting CVar [[r.setres:1280x720]]
[2020.02.20-17.16.20:991][  0]LogConfig: Setting CVar [[r.VSync:0]]
[2020.02.20-17.16.20:991][  0]LogConfig: Setting CVar [[r.RHICmdBypass:0]]
[2020.02.20-17.16.20:991][  0]LogConfig: Applying CVar settings from Section [/Script/Engine.RendererSettings] File [C:/Users/Charl/Desktop/Git Repositories/GameStudioProject/GameStudioProject/- Project/UnrealProject/TheProject/Saved/Config/Windows/Engine.ini]
[2020.02.20-17.16.20:991][  0]LogConfig: Setting CVar [[r.GPUCrashDebugging:0]]
[2020.02.20-17.16.20:991][  0]LogConfig: Setting CVar [[r.DefaultFeature.AutoExposure.ExtendDefaultLuminanceRange:1]]
[2020.02.20-17.16.20:991][  0]LogConfig: Applying CVar settings from Section [/Script/Engine.RendererOverrideSettings] File [C:/Users/Charl/Desktop/Git Repositories/GameStudioProject/GameStudioProject/- Project/UnrealProject/TheProject/Saved/Config/Windows/Engine.ini]
[2020.02.20-17.16.20:991][  0]LogConfig: Applying CVar settings from Section [/Script/Engine.StreamingSettings] File [C:/Users/Charl/Desktop/Git Repositories/GameStudioProject/GameStudioProject/- Project/UnrealProject/TheProject/Saved/Config/Windows/Engine.ini]
[2020.02.20-17.16.20:992][  0]LogConfig: Setting CVar [[s.MinBulkDataSizeForAsyncLoading:131072]]
[2020.02.20-17.16.20:992][  0]LogConfig: Setting CVar [[s.AsyncLoadingThreadEnabled:0]]
[2020.02.20-17.16.20:992][  0]LogConfig: Setting CVar [[s.EventDrivenLoaderEnabled:1]]
[2020.02.20-17.16.20:992][  0]LogConfig: Setting CVar [[s.WarnIfTimeLimitExceeded:0]]
[2020.02.20-17.16.20:992][  0]LogConfig: Setting CVar [[s.TimeLimitExceededMultiplier:1.5]]
[2020.02.20-17.16.20:992][  0]LogConfig: Setting CVar [[s.TimeLimitExceededMinTime:0.005]]
[2020.02.20-17.16.20:992][  0]LogConfig: Setting CVar [[s.UseBackgroundLevelStreaming:1]]
[2020.02.20-17.16.20:992][  0]LogConfig: Setting CVar [[s.PriorityAsyncLoadingExtraTime:15.0]]
[2020.02.20-17.16.20:992][  0]LogConfig: Setting CVar [[s.LevelStreamingActorsUpdateTimeLimit:5.0]]
[2020.02.20-17.16.20:992][  0]LogConfig: Setting CVar [[s.PriorityLevelStreamingActorsUpdateExtraTime:5.0]]
[2020.02.20-17.16.20:992][  0]LogConfig: Setting CVar [[s.LevelStreamingComponentsRegistrationGranularity:10]]
[2020.02.20-17.16.20:992][  0]LogConfig: Setting CVar [[s.UnregisterComponentsTimeLimit:1.0]]
[2020.02.20-17.16.20:992][  0]LogConfig: Setting CVar [[s.LevelStreamingComponentsUnregistrationGranularity:5]]
[2020.02.20-17.16.20:992][  0]LogConfig: Applying CVar settings from Section [/Script/Engine.GarbageCollectionSettings] File [C:/Users/Charl/Desktop/Git Repositories/GameStudioProject/GameStudioProject/- Project/UnrealProject/TheProject/Saved/Config/Windows/Engine.ini]
[2020.02.20-17.16.20:992][  0]LogConfig: Setting CVar [[gc.MaxObjectsNotConsideredByGC:1]]
[2020.02.20-17.16.20:992][  0]LogConfig: Setting CVar [[gc.SizeOfPermanentObjectPool:0]]
[2020.02.20-17.16.20:992][  0]LogConfig: Setting CVar [[gc.FlushStreamingOnGC:0]]
[2020.02.20-17.16.20:992][  0]LogConfig: Setting CVar [[gc.NumRetriesBeforeForcingGC:10]]
[2020.02.20-17.16.20:992][  0]LogConfig: Setting CVar [[gc.AllowParallelGC:1]]
[2020.02.20-17.16.20:992][  0]LogConfig: Setting CVar [[gc.TimeBetweenPurgingPendingKillObjects:61.1]]
[2020.02.20-17.16.20:992][  0]LogConfig: Setting CVar [[gc.MaxObjectsInEditor:16777216]]
[2020.02.20-17.16.20:992][  0]LogConfig: Setting CVar [[gc.IncrementalBeginDestroyEnabled:1]]
[2020.02.20-17.16.20:992][  0]LogConfig: Setting CVar [[gc.CreateGCClusters:1]]
[2020.02.20-17.16.20:992][  0]LogConfig: Setting CVar [[gc.MinGCClusterSize:5]]
[2020.02.20-17.16.20:992][  0]LogConfig: Setting CVar [[gc.ActorClusteringEnabled:0]]
[2020.02.20-17.16.20:992][  0]LogConfig: Setting CVar [[gc.BlueprintClusteringEnabled:0]]
[2020.02.20-17.16.20:992][  0]LogConfig: Setting CVar [[gc.UseDisregardForGCOnDedicatedServers:0]]
[2020.02.20-17.16.20:992][  0]LogConfig: Applying CVar settings from Section [/Script/Engine.NetworkSettings] File [C:/Users/Charl/Desktop/Git Repositories/GameStudioProject/GameStudioProject/- Project/UnrealProject/TheProject/Saved/Config/Windows/Engine.ini]
[2020.02.20-17.16.20:992][  0]LogConfig: Applying CVar settings from Section [/Script/UnrealEd.CookerSettings] File [C:/Users/Charl/Desktop/Git Repositories/GameStudioProject/GameStudioProject/- Project/UnrealProject/TheProject/Saved/Config/Windows/Engine.ini]
[2020.02.20-17.16.20:995][  0]LogConfig: Applying CVar settings from Section [ViewDistanceQuality@3] File [C:/Users/Charl/Desktop/Git Repositories/GameStudioProject/GameStudioProject/- Project/UnrealProject/TheProject/Saved/Config/Windows/Scalability.ini]
[2020.02.20-17.16.20:995][  0]LogConfig: Setting CVar [[r.SkeletalMeshLODBias:0]]
[2020.02.20-17.16.20:995][  0]LogConfig: Setting CVar [[r.ViewDistanceScale:1.0]]
[2020.02.20-17.16.20:995][  0]LogConfig: Applying CVar settings from Section [AntiAliasingQuality@3] File [C:/Users/Charl/Desktop/Git Repositories/GameStudioProject/GameStudioProject/- Project/UnrealProject/TheProject/Saved/Config/Windows/Scalability.ini]
[2020.02.20-17.16.20:996][  0]LogConfig: Setting CVar [[r.PostProcessAAQuality:4]]
[2020.02.20-17.16.20:996][  0]LogConfig: Applying CVar settings from Section [ShadowQuality@3] File [C:/Users/Charl/Desktop/Git Repositories/GameStudioProject/GameStudioProject/- Project/UnrealProject/TheProject/Saved/Config/Windows/Scalability.ini]
[2020.02.20-17.16.20:996][  0]LogConfig: Setting CVar [[r.LightFunctionQuality:1]]
[2020.02.20-17.16.20:996][  0]LogConfig: Setting CVar [[r.ShadowQuality:5]]
[2020.02.20-17.16.20:996][  0]LogConfig: Setting CVar [[r.Shadow.CSM.MaxCascades:10]]
[2020.02.20-17.16.20:996][  0]LogConfig: Setting CVar [[r.Shadow.MaxResolution:2048]]
[2020.02.20-17.16.20:996][  0]LogConfig: Setting CVar [[r.Shadow.MaxCSMResolution:2048]]
[2020.02.20-17.16.20:996][  0]LogConfig: Setting CVar [[r.Shadow.RadiusThreshold:0.01]]
[2020.02.20-17.16.20:996][  0]LogConfig: Setting CVar [[r.Shadow.DistanceScale:1.0]]
[2020.02.20-17.16.20:996][  0]LogConfig: Setting CVar [[r.Shadow.CSM.TransitionScale:1.0]]
[2020.02.20-17.16.20:996][  0]LogConfig: Setting CVar [[r.Shadow.PreShadowResolutionFactor:1.0]]
[2020.02.20-17.16.20:996][  0]LogConfig: Setting CVar [[r.DistanceFieldShadowing:1]]
[2020.02.20-17.16.20:996][  0]LogConfig: Setting CVar [[r.DistanceFieldAO:1]]
[2020.02.20-17.16.20:996][  0]LogConfig: Setting CVar [[r.AOQuality:2]]
[2020.02.20-17.16.20:996][  0]LogConfig: Setting CVar [[r.VolumetricFog:1]]
[2020.02.20-17.16.20:996][  0]LogConfig: Setting CVar [[r.VolumetricFog.GridPixelSize:8]]
[2020.02.20-17.16.20:996][  0]LogConfig: Setting CVar [[r.VolumetricFog.GridSizeZ:128]]
[2020.02.20-17.16.20:996][  0]LogConfig: Setting CVar [[r.VolumetricFog.HistoryMissSupersampleCount:4]]
[2020.02.20-17.16.20:996][  0]LogConfig: Setting CVar [[r.LightMaxDrawDistanceScale:1]]
[2020.02.20-17.16.20:996][  0]LogConfig: Setting CVar [[r.CapsuleShadows:1]]
[2020.02.20-17.16.20:996][  0]LogConfig: Applying CVar settings from Section [PostProcessQuality@3] File [C:/Users/Charl/Desktop/Git Repositories/GameStudioProject/GameStudioProject/- Project/UnrealProject/TheProject/Saved/Config/Windows/Scalability.ini]
[2020.02.20-17.16.20:996][  0]LogConfig: Setting CVar [[r.MotionBlurQuality:4]]
[2020.02.20-17.16.20:996][  0]LogConfig: Setting CVar [[r.AmbientOcclusionMipLevelFactor:0.4]]
[2020.02.20-17.16.20:996][  0]LogConfig: Setting CVar [[r.AmbientOcclusionMaxQuality:100]]
[2020.02.20-17.16.20:996][  0]LogConfig: Setting CVar [[r.AmbientOcclusionLevels:-1]]
[2020.02.20-17.16.20:996][  0]LogConfig: Setting CVar [[r.AmbientOcclusionRadiusScale:1.0]]
[2020.02.20-17.16.20:996][  0]LogConfig: Setting CVar [[r.DepthOfFieldQuality:2]]
[2020.02.20-17.16.20:996][  0]LogConfig: Setting CVar [[r.RenderTargetPoolMin:400]]
[2020.02.20-17.16.20:996][  0]LogConfig: Setting CVar [[r.LensFlareQuality:2]]
[2020.02.20-17.16.20:996][  0]LogConfig: Setting CVar [[r.SceneColorFringeQuality:1]]
[2020.02.20-17.16.20:996][  0]LogConfig: Setting CVar [[r.EyeAdaptationQuality:2]]
[2020.02.20-17.16.20:996][  0]LogConfig: Setting CVar [[r.BloomQuality:5]]
[2020.02.20-17.16.20:996][  0]LogConfig: Setting CVar [[r.FastBlurThreshold:100]]
[2020.02.20-17.16.20:996][  0]LogConfig: Setting CVar [[r.Upscale.Quality:3]]
[2020.02.20-17.16.20:996][  0]LogConfig: Setting CVar [[r.Tonemapper.GrainQuantization:1]]
[2020.02.20-17.16.20:996][  0]LogConfig: Setting CVar [[r.LightShaftQuality:1]]
[2020.02.20-17.16.20:996][  0]LogConfig: Setting CVar [[r.Filter.SizeScale:1]]
[2020.02.20-17.16.20:996][  0]LogConfig: Setting CVar [[r.Tonemapper.Quality:5]]
[2020.02.20-17.16.20:996][  0]LogConfig: Setting CVar [[r.DOF.Gather.AccumulatorQuality:1        ; higher gathering accumulator quality]]
[2020.02.20-17.16.20:996][  0]LogConfig: Setting CVar [[r.DOF.Gather.PostfilterMethod:1          ; Median3x3 postfilering method]]
[2020.02.20-17.16.20:996][  0]LogConfig: Setting CVar [[r.DOF.Gather.EnableBokehSettings:0       ; no bokeh simulation when gathering]]
[2020.02.20-17.16.20:996][  0]LogConfig: Setting CVar [[r.DOF.Gather.RingCount:4                 ; medium number of samples when gathering]]
[2020.02.20-17.16.20:996][  0]LogConfig: Setting CVar [[r.DOF.Scatter.ForegroundCompositing:1    ; additive foreground scattering]]
[2020.02.20-17.16.20:996][  0]LogConfig: Setting CVar [[r.DOF.Scatter.BackgroundCompositing:2    ; additive background scattering]]
[2020.02.20-17.16.20:996][  0]LogConfig: Setting CVar [[r.DOF.Scatter.EnableBokehSettings:1      ; bokeh simulation when scattering]]
[2020.02.20-17.16.20:996][  0]LogConfig: Setting CVar [[r.DOF.Scatter.MaxSpriteRatio:0.1         ; only a maximum of 10% of scattered bokeh]]
[2020.02.20-17.16.20:996][  0]LogConfig: Setting CVar [[r.DOF.Recombine.Quality:1                ; cheap slight out of focus]]
[2020.02.20-17.16.20:996][  0]LogConfig: Setting CVar [[r.DOF.Recombine.EnableBokehSettings:0    ; no bokeh simulation on slight out of focus]]
[2020.02.20-17.16.20:996][  0]LogConfig: Setting CVar [[r.DOF.TemporalAAQuality:1                ; more stable temporal accumulation]]
[2020.02.20-17.16.20:996][  0]LogConfig: Setting CVar [[r.DOF.Kernel.MaxForegroundRadius:0.025]]
[2020.02.20-17.16.20:996][  0]LogConfig: Setting CVar [[r.DOF.Kernel.MaxBackgroundRadius:0.025]]
[2020.02.20-17.16.20:996][  0]LogConfig: Applying CVar settings from Section [TextureQuality@3] File [C:/Users/Charl/Desktop/Git Repositories/GameStudioProject/GameStudioProject/- Project/UnrealProject/TheProject/Saved/Config/Windows/Scalability.ini]
[2020.02.20-17.16.20:996][  0]LogConfig: Setting CVar [[r.Streaming.MipBias:0]]
[2020.02.20-17.16.20:996][  0]LogConfig: Setting CVar [[r.Streaming.AmortizeCPUToGPUCopy:0]]
[2020.02.20-17.16.20:996][  0]LogConfig: Setting CVar [[r.Streaming.MaxNumTexturesToStreamPerFrame:0]]
[2020.02.20-17.16.20:996][  0]LogConfig: Setting CVar [[r.Streaming.Boost:1]]
[2020.02.20-17.16.20:996][  0]LogConfig: Setting CVar [[r.MaxAnisotropy:8]]
[2020.02.20-17.16.20:996][  0]LogConfig: Setting CVar [[r.Streaming.LimitPoolSizeToVRAM:0]]
[2020.02.20-17.16.20:996][  0]LogConfig: Setting CVar [[r.Streaming.PoolSize:1000]]
[2020.02.20-17.16.20:996][  0]LogConfig: Setting CVar [[r.Streaming.MaxEffectiveScreenSize:0]]
[2020.02.20-17.16.20:996][  0]LogConfig: Applying CVar settings from Section [EffectsQuality@3] File [C:/Users/Charl/Desktop/Git Repositories/GameStudioProject/GameStudioProject/- Project/UnrealProject/TheProject/Saved/Config/Windows/Scalability.ini]
[2020.02.20-17.16.20:996][  0]LogConfig: Setting CVar [[r.TranslucencyLightingVolumeDim:64]]
[2020.02.20-17.16.20:996][  0]LogConfig: Setting CVar [[r.RefractionQuality:2]]
[2020.02.20-17.16.20:996][  0]LogConfig: Setting CVar [[r.SSR.Quality:3]]
[2020.02.20-17.16.20:996][  0]LogConfig: Setting CVar [[r.SceneColorFormat:4]]
[2020.02.20-17.16.20:996][  0]LogConfig: Setting CVar [[r.DetailMode:2]]
[2020.02.20-17.16.20:996][  0]LogConfig: Setting CVar [[r.TranslucencyVolumeBlur:1]]
[2020.02.20-17.16.20:996][  0]LogConfig: Setting CVar [[r.MaterialQualityLevel:1 ; High quality]]
[2020.02.20-17.16.20:996][  0]LogConfig: Setting CVar [[r.SSS.Scale:1]]
[2020.02.20-17.16.20:996][  0]LogConfig: Setting CVar [[r.SSS.SampleSet:2]]
[2020.02.20-17.16.20:996][  0]LogConfig: Setting CVar [[r.SSS.Quality:1]]
[2020.02.20-17.16.20:996][  0]LogConfig: Setting CVar [[r.SSS.HalfRes:1]]
[2020.02.20-17.16.20:996][  0]LogConfig: Setting CVar [[r.EmitterSpawnRateScale:1.0]]
[2020.02.20-17.16.20:996][  0]LogConfig: Setting CVar [[r.ParticleLightQuality:2]]
[2020.02.20-17.16.20:996][  0]LogConfig: Applying CVar settings from Section [FoliageQuality@3] File [C:/Users/Charl/Desktop/Git Repositories/GameStudioProject/GameStudioProject/- Project/UnrealProject/TheProject/Saved/Config/Windows/Scalability.ini]
[2020.02.20-17.16.20:996][  0]LogConfig: Setting CVar [[foliage.DensityScale:1.0]]
[2020.02.20-17.16.20:996][  0]LogConfig: Setting CVar [[grass.DensityScale:1.0]]
[2020.02.20-17.16.20:996][  0]LogInit: Selected Device Profile: [Windows]
[2020.02.20-17.16.20:996][  0]LogInit: Applying CVar settings loaded from the selected device profile: [Windows]
[2020.02.20-17.16.20:999][  0]LogHAL: Display: Platform has ~ 16 GB [17018626048 / 17179869184 / 16], which maps to Larger [LargestMinGB=32, LargerMinGB=12, DefaultMinGB=8, SmallerMinGB=6, SmallestMinGB=0)
[2020.02.20-17.16.20:999][  0]LogInit: Going up to parent DeviceProfile []
[2020.02.20-17.16.20:999][  0]LogConfig: Applying CVar settings from Section [ViewDistanceQuality@3] File [C:/Users/Charl/Desktop/Git Repositories/GameStudioProject/GameStudioProject/- Project/UnrealProject/TheProject/Saved/Config/Windows/Scalability.ini]
[2020.02.20-17.16.20:999][  0]LogConfig: Setting CVar [[r.SkeletalMeshLODBias:0]]
[2020.02.20-17.16.20:999][  0]LogConfig: Setting CVar [[r.ViewDistanceScale:1.0]]
[2020.02.20-17.16.20:999][  0]LogConfig: Applying CVar settings from Section [AntiAliasingQuality@3] File [C:/Users/Charl/Desktop/Git Repositories/GameStudioProject/GameStudioProject/- Project/UnrealProject/TheProject/Saved/Config/Windows/Scalability.ini]
[2020.02.20-17.16.20:999][  0]LogConfig: Setting CVar [[r.PostProcessAAQuality:4]]
[2020.02.20-17.16.20:999][  0]LogConfig: Applying CVar settings from Section [ShadowQuality@3] File [C:/Users/Charl/Desktop/Git Repositories/GameStudioProject/GameStudioProject/- Project/UnrealProject/TheProject/Saved/Config/Windows/Scalability.ini]
[2020.02.20-17.16.20:999][  0]LogConfig: Setting CVar [[r.LightFunctionQuality:1]]
[2020.02.20-17.16.20:999][  0]LogConfig: Setting CVar [[r.ShadowQuality:5]]
[2020.02.20-17.16.20:999][  0]LogConfig: Setting CVar [[r.Shadow.CSM.MaxCascades:10]]
[2020.02.20-17.16.20:999][  0]LogConfig: Setting CVar [[r.Shadow.MaxResolution:2048]]
[2020.02.20-17.16.20:999][  0]LogConfig: Setting CVar [[r.Shadow.MaxCSMResolution:2048]]
[2020.02.20-17.16.20:999][  0]LogConfig: Setting CVar [[r.Shadow.RadiusThreshold:0.01]]
[2020.02.20-17.16.20:999][  0]LogConfig: Setting CVar [[r.Shadow.DistanceScale:1.0]]
[2020.02.20-17.16.20:999][  0]LogConfig: Setting CVar [[r.Shadow.CSM.TransitionScale:1.0]]
[2020.02.20-17.16.20:999][  0]LogConfig: Setting CVar [[r.Shadow.PreShadowResolutionFactor:1.0]]
[2020.02.20-17.16.20:999][  0]LogConfig: Setting CVar [[r.DistanceFieldShadowing:1]]
[2020.02.20-17.16.20:999][  0]LogConfig: Setting CVar [[r.DistanceFieldAO:1]]
[2020.02.20-17.16.20:999][  0]LogConfig: Setting CVar [[r.AOQuality:2]]
[2020.02.20-17.16.20:999][  0]LogConfig: Setting CVar [[r.VolumetricFog:1]]
[2020.02.20-17.16.20:999][  0]LogConfig: Setting CVar [[r.VolumetricFog.GridPixelSize:8]]
[2020.02.20-17.16.20:999][  0]LogConfig: Setting CVar [[r.VolumetricFog.GridSizeZ:128]]
[2020.02.20-17.16.20:999][  0]LogConfig: Setting CVar [[r.VolumetricFog.HistoryMissSupersampleCount:4]]
[2020.02.20-17.16.20:999][  0]LogConfig: Setting CVar [[r.LightMaxDrawDistanceScale:1]]
[2020.02.20-17.16.20:999][  0]LogConfig: Setting CVar [[r.CapsuleShadows:1]]
[2020.02.20-17.16.20:999][  0]LogConfig: Applying CVar settings from Section [PostProcessQuality@3] File [C:/Users/Charl/Desktop/Git Repositories/GameStudioProject/GameStudioProject/- Project/UnrealProject/TheProject/Saved/Config/Windows/Scalability.ini]
[2020.02.20-17.16.20:999][  0]LogConfig: Setting CVar [[r.MotionBlurQuality:4]]
[2020.02.20-17.16.20:999][  0]LogConfig: Setting CVar [[r.AmbientOcclusionMipLevelFactor:0.4]]
[2020.02.20-17.16.20:999][  0]LogConfig: Setting CVar [[r.AmbientOcclusionMaxQuality:100]]
[2020.02.20-17.16.21:000][  0]LogConfig: Setting CVar [[r.AmbientOcclusionLevels:-1]]
[2020.02.20-17.16.21:000][  0]LogConfig: Setting CVar [[r.AmbientOcclusionRadiusScale:1.0]]
[2020.02.20-17.16.21:000][  0]LogConfig: Setting CVar [[r.DepthOfFieldQuality:2]]
[2020.02.20-17.16.21:000][  0]LogConfig: Setting CVar [[r.RenderTargetPoolMin:400]]
[2020.02.20-17.16.21:000][  0]LogConfig: Setting CVar [[r.LensFlareQuality:2]]
[2020.02.20-17.16.21:000][  0]LogConfig: Setting CVar [[r.SceneColorFringeQuality:1]]
[2020.02.20-17.16.21:000][  0]LogConfig: Setting CVar [[r.EyeAdaptationQuality:2]]
[2020.02.20-17.16.21:000][  0]LogConfig: Setting CVar [[r.BloomQuality:5]]
[2020.02.20-17.16.21:000][  0]LogConfig: Setting CVar [[r.FastBlurThreshold:100]]
[2020.02.20-17.16.21:000][  0]LogConfig: Setting CVar [[r.Upscale.Quality:3]]
[2020.02.20-17.16.21:000][  0]LogConfig: Setting CVar [[r.Tonemapper.GrainQuantization:1]]
[2020.02.20-17.16.21:000][  0]LogConfig: Setting CVar [[r.LightShaftQuality:1]]
[2020.02.20-17.16.21:000][  0]LogConfig: Setting CVar [[r.Filter.SizeScale:1]]
[2020.02.20-17.16.21:000][  0]LogConfig: Setting CVar [[r.Tonemapper.Quality:5]]
[2020.02.20-17.16.21:000][  0]LogConfig: Setting CVar [[r.DOF.Gather.AccumulatorQuality:1        ; higher gathering accumulator quality]]
[2020.02.20-17.16.21:000][  0]LogConfig: Setting CVar [[r.DOF.Gather.PostfilterMethod:1          ; Median3x3 postfilering method]]
[2020.02.20-17.16.21:000][  0]LogConfig: Setting CVar [[r.DOF.Gather.EnableBokehSettings:0       ; no bokeh simulation when gathering]]
[2020.02.20-17.16.21:000][  0]LogConfig: Setting CVar [[r.DOF.Gather.RingCount:4                 ; medium number of samples when gathering]]
[2020.02.20-17.16.21:000][  0]LogConfig: Setting CVar [[r.DOF.Scatter.ForegroundCompositing:1    ; additive foreground scattering]]
[2020.02.20-17.16.21:000][  0]LogConfig: Setting CVar [[r.DOF.Scatter.BackgroundCompositing:2    ; additive background scattering]]
[2020.02.20-17.16.21:000][  0]LogConfig: Setting CVar [[r.DOF.Scatter.EnableBokehSettings:1      ; bokeh simulation when scattering]]
[2020.02.20-17.16.21:000][  0]LogConfig: Setting CVar [[r.DOF.Scatter.MaxSpriteRatio:0.1         ; only a maximum of 10% of scattered bokeh]]
[2020.02.20-17.16.21:000][  0]LogConfig: Setting CVar [[r.DOF.Recombine.Quality:1                ; cheap slight out of focus]]
[2020.02.20-17.16.21:000][  0]LogConfig: Setting CVar [[r.DOF.Recombine.EnableBokehSettings:0    ; no bokeh simulation on slight out of focus]]
[2020.02.20-17.16.21:000][  0]LogConfig: Setting CVar [[r.DOF.TemporalAAQuality:1                ; more stable temporal accumulation]]
[2020.02.20-17.16.21:000][  0]LogConfig: Setting CVar [[r.DOF.Kernel.MaxForegroundRadius:0.025]]
[2020.02.20-17.16.21:000][  0]LogConfig: Setting CVar [[r.DOF.Kernel.MaxBackgroundRadius:0.025]]
[2020.02.20-17.16.21:000][  0]LogConfig: Applying CVar settings from Section [TextureQuality@3] File [C:/Users/Charl/Desktop/Git Repositories/GameStudioProject/GameStudioProject/- Project/UnrealProject/TheProject/Saved/Config/Windows/Scalability.ini]
[2020.02.20-17.16.21:000][  0]LogConfig: Setting CVar [[r.Streaming.MipBias:0]]
[2020.02.20-17.16.21:000][  0]LogConfig: Setting CVar [[r.Streaming.AmortizeCPUToGPUCopy:0]]
[2020.02.20-17.16.21:000][  0]LogConfig: Setting CVar [[r.Streaming.MaxNumTexturesToStreamPerFrame:0]]
[2020.02.20-17.16.21:000][  0]LogConfig: Setting CVar [[r.Streaming.Boost:1]]
[2020.02.20-17.16.21:000][  0]LogConfig: Setting CVar [[r.MaxAnisotropy:8]]
[2020.02.20-17.16.21:000][  0]LogConfig: Setting CVar [[r.Streaming.LimitPoolSizeToVRAM:0]]
[2020.02.20-17.16.21:000][  0]LogConfig: Setting CVar [[r.Streaming.PoolSize:1000]]
[2020.02.20-17.16.21:000][  0]LogConfig: Setting CVar [[r.Streaming.MaxEffectiveScreenSize:0]]
[2020.02.20-17.16.21:000][  0]LogConfig: Applying CVar settings from Section [EffectsQuality@3] File [C:/Users/Charl/Desktop/Git Repositories/GameStudioProject/GameStudioProject/- Project/UnrealProject/TheProject/Saved/Config/Windows/Scalability.ini]
[2020.02.20-17.16.21:000][  0]LogConfig: Setting CVar [[r.TranslucencyLightingVolumeDim:64]]
[2020.02.20-17.16.21:000][  0]LogConfig: Setting CVar [[r.RefractionQuality:2]]
[2020.02.20-17.16.21:000][  0]LogConfig: Setting CVar [[r.SSR.Quality:3]]
[2020.02.20-17.16.21:000][  0]LogConfig: Setting CVar [[r.SceneColorFormat:4]]
[2020.02.20-17.16.21:000][  0]LogConfig: Setting CVar [[r.DetailMode:2]]
[2020.02.20-17.16.21:000][  0]LogConfig: Setting CVar [[r.TranslucencyVolumeBlur:1]]
[2020.02.20-17.16.21:000][  0]LogConfig: Setting CVar [[r.MaterialQualityLevel:1 ; High quality]]
[2020.02.20-17.16.21:000][  0]LogConfig: Setting CVar [[r.SSS.Scale:1]]
[2020.02.20-17.16.21:000][  0]LogConfig: Setting CVar [[r.SSS.SampleSet:2]]
[2020.02.20-17.16.21:000][  0]LogConfig: Setting CVar [[r.SSS.Quality:1]]
[2020.02.20-17.16.21:000][  0]LogConfig: Setting CVar [[r.SSS.HalfRes:1]]
[2020.02.20-17.16.21:000][  0]LogConfig: Setting CVar [[r.EmitterSpawnRateScale:1.0]]
[2020.02.20-17.16.21:000][  0]LogConfig: Setting CVar [[r.ParticleLightQuality:2]]
[2020.02.20-17.16.21:000][  0]LogConfig: Applying CVar settings from Section [FoliageQuality@3] File [C:/Users/Charl/Desktop/Git Repositories/GameStudioProject/GameStudioProject/- Project/UnrealProject/TheProject/Saved/Config/Windows/Scalability.ini]
[2020.02.20-17.16.21:000][  0]LogConfig: Setting CVar [[foliage.DensityScale:1.0]]
[2020.02.20-17.16.21:000][  0]LogConfig: Setting CVar [[grass.DensityScale:1.0]]
[2020.02.20-17.16.21:000][  0]LogConfig: Applying CVar settings from Section [Startup] File [../../../Engine/Config/ConsoleVariables.ini]
[2020.02.20-17.16.21:000][  0]LogConfig: Setting CVar [[net.UseAdaptiveNetUpdateFrequency:0]]
[2020.02.20-17.16.21:000][  0]LogConfig: Setting CVar [[p.chaos.AllowCreatePhysxBodies:1]]
[2020.02.20-17.16.21:000][  0]LogConfig: Setting CVar [[fx.SkipVectorVMBackendOptimizations:1]]
[2020.02.20-17.16.21:000][  0]LogConfig: Applying CVar settings from Section [ConsoleVariables] File [C:/Users/Charl/Desktop/Git Repositories/GameStudioProject/GameStudioProject/- Project/UnrealProject/TheProject/Saved/Config/Windows/Engine.ini]
[2020.02.20-17.16.21:000][  0]LogInit: Computer: MSI
[2020.02.20-17.16.21:000][  0]LogInit: User: Charl
[2020.02.20-17.16.21:000][  0]LogInit: CPU Page size=4096, Cores=6
[2020.02.20-17.16.21:000][  0]LogInit: High frequency timer resolution =10.000000 MHz
[2020.02.20-17.16.21:001][  0]LogMemory: Memory total: Physical=15.8GB (16GB approx)
[2020.02.20-17.16.21:001][  0]LogMemory: Platform Memory Stats for Windows
[2020.02.20-17.16.21:001][  0]LogMemory: Process Physical Memory: 105.49 MB used, 105.50 MB peak
[2020.02.20-17.16.21:001][  0]LogMemory: Process Virtual Memory: 101.64 MB used, 101.64 MB peak
[2020.02.20-17.16.21:001][  0]LogMemory: Physical Memory: 8574.30 MB used,  7655.92 MB free, 16230.23 MB total
[2020.02.20-17.16.21:001][  0]LogMemory: Virtual Memory: 4688.11 MB used,  134213040.00 MB free, 134217728.00 MB total
[2020.02.20-17.16.21:220][  0]LogWindows: WindowsPlatformFeatures enabled
[2020.02.20-17.16.21:244][  0]LogInit: Using OS detected language (en-GB).
[2020.02.20-17.16.21:244][  0]LogInit: Using OS detected locale (en-GB).
[2020.02.20-17.16.21:245][  0]LogTextLocalizationManager: No specific localization for 'en-GB' exists, so the 'en' localization will be used.
[2020.02.20-17.16.21:410][  0]LogInit: Setting process to per monitor DPI aware
[2020.02.20-17.16.21:456][  0]LogSlate: New Slate User Created.  User Index 0, Is Virtual User: 0
[2020.02.20-17.16.21:456][  0]LogSlate: Slate User Registered.  User Index 0, Is Virtual User: 0
[2020.02.20-17.16.21:615][  0]LogHMD: Failed to initialize OpenVR with code 110
[2020.02.20-17.16.21:615][  0]LogD3D11RHI: D3D11 adapters:
[2020.02.20-17.16.21:675][  0]LogD3D11RHI:    0. 'NVIDIA GeForce GTX 1060' (Feature Level 11_0)
[2020.02.20-17.16.21:675][  0]LogD3D11RHI:       6052/0/8115 MB DedicatedVideo/DedicatedSystem/SharedSystem, Outputs:1, VendorId:0x10de
[2020.02.20-17.16.21:690][  0]LogD3D11RHI:    1. 'Intel(R) UHD Graphics 630' (Feature Level 11_0)
[2020.02.20-17.16.21:690][  0]LogD3D11RHI:       128/0/8115 MB DedicatedVideo/DedicatedSystem/SharedSystem, Outputs:1, VendorId:0x8086
[2020.02.20-17.16.21:692][  0]LogD3D11RHI:    2. 'Microsoft Basic Render Driver' (Feature Level 11_0)
[2020.02.20-17.16.21:692][  0]LogD3D11RHI:       0/0/8115 MB DedicatedVideo/DedicatedSystem/SharedSystem, Outputs:0, VendorId:0x1414
[2020.02.20-17.16.21:692][  0]LogD3D11RHI: Chosen D3D11 Adapter: 0
[2020.02.20-17.16.21:700][  0]LogD3D11RHI: Creating new Direct3DDevice
[2020.02.20-17.16.21:700][  0]LogD3D11RHI:     GPU DeviceId: 0x1c20 (for the marketing name, search the web for "GPU Device Id")
[2020.02.20-17.16.21:700][  0]LogWindows: EnumDisplayDevices:
[2020.02.20-17.16.21:700][  0]LogWindows:    0. 'Intel(R) UHD Graphics 630' (P:0 D:1)
[2020.02.20-17.16.21:700][  0]LogWindows:    1. 'Intel(R) UHD Graphics 630' (P:0 D:0)
[2020.02.20-17.16.21:701][  0]LogWindows:    2. 'Intel(R) UHD Graphics 630' (P:0 D:0)
[2020.02.20-17.16.21:701][  0]LogWindows:    3. 'NVIDIA GeForce GTX 1060' (P:1 D:1)
[2020.02.20-17.16.21:701][  0]LogWindows:    4. 'NVIDIA GeForce GTX 1060' (P:0 D:0)
[2020.02.20-17.16.21:702][  0]LogWindows:    5. 'NVIDIA GeForce GTX 1060' (P:0 D:0)
[2020.02.20-17.16.21:702][  0]LogWindows:    6. 'NVIDIA GeForce GTX 1060' (P:0 D:0)
[2020.02.20-17.16.21:702][  0]LogWindows: DebugString: PrimaryIsNotTheChoosenAdapter PrimaryIsNotTheChoosenAdapter PrimaryIsNotTheChoosenAdapter FoundDriverCount:4 
[2020.02.20-17.16.21:702][  0]LogD3D11RHI:     Adapter Name: NVIDIA GeForce GTX 1060
[2020.02.20-17.16.21:702][  0]LogD3D11RHI:   Driver Version: 391.48 (internal:23.21.13.9148, unified:391.48)
[2020.02.20-17.16.21:702][  0]LogD3D11RHI:      Driver Date: 4-17-2018
[2020.02.20-17.16.21:702][  0]LogRHI: Texture pool is 4236 MB (70% of 6052 MB)
[2020.02.20-17.16.21:738][  0]LogD3D11RHI: Async texture creation enabled
[2020.02.20-17.16.21:754][  0]LogD3D11RHI: GPU Timing Frequency: 1000.000000 (Debug: 2 2)
[2020.02.20-17.16.22:136][  0]LogTemp: Display: Module 'AllDesktopTargetPlatform' loaded TargetPlatform 'AllDesktop'
[2020.02.20-17.16.22:144][  0]LogTemp: Display: Module 'MacClientTargetPlatform' loaded TargetPlatform 'MacClient'
[2020.02.20-17.16.22:153][  0]LogTemp: Display: Module 'MacNoEditorTargetPlatform' loaded TargetPlatform 'MacNoEditor'
[2020.02.20-17.16.22:162][  0]LogTemp: Display: Module 'MacServerTargetPlatform' loaded TargetPlatform 'MacServer'
[2020.02.20-17.16.22:171][  0]LogTemp: Display: Module 'MacTargetPlatform' loaded TargetPlatform 'Mac'
[2020.02.20-17.16.22:180][  0]LogTemp: Display: Module 'WindowsClientTargetPlatform' loaded TargetPlatform 'WindowsClient'
[2020.02.20-17.16.22:189][  0]LogTemp: Display: Module 'WindowsNoEditorTargetPlatform' loaded TargetPlatform 'WindowsNoEditor'
[2020.02.20-17.16.22:198][  0]LogTemp: Display: Module 'WindowsServerTargetPlatform' loaded TargetPlatform 'WindowsServer'
[2020.02.20-17.16.22:202][  0]LogTemp: Display: Module 'WindowsTargetPlatform' loaded TargetPlatform 'Windows'
[2020.02.20-17.16.22:235][  0]LogTemp: Display: Module 'AndroidTargetPlatform' loaded TargetPlatform 'Android'
[2020.02.20-17.16.22:235][  0]LogTemp: Display: Module 'AndroidTargetPlatform' loaded TargetPlatform 'Android_ASTC'
[2020.02.20-17.16.22:235][  0]LogTemp: Display: Module 'AndroidTargetPlatform' loaded TargetPlatform 'Android_ATC'
[2020.02.20-17.16.22:235][  0]LogTemp: Display: Module 'AndroidTargetPlatform' loaded TargetPlatform 'Android_DXT'
[2020.02.20-17.16.22:235][  0]LogTemp: Display: Module 'AndroidTargetPlatform' loaded TargetPlatform 'Android_ETC1'
[2020.02.20-17.16.22:235][  0]LogTemp: Display: Module 'AndroidTargetPlatform' loaded TargetPlatform 'Android_ETC1a'
[2020.02.20-17.16.22:235][  0]LogTemp: Display: Module 'AndroidTargetPlatform' loaded TargetPlatform 'Android_ETC2'
[2020.02.20-17.16.22:235][  0]LogTemp: Display: Module 'AndroidTargetPlatform' loaded TargetPlatform 'Android_PVRTC'
[2020.02.20-17.16.22:235][  0]LogTemp: Display: Module 'AndroidTargetPlatform' loaded TargetPlatform 'AndroidClient'
[2020.02.20-17.16.22:235][  0]LogTemp: Display: Module 'AndroidTargetPlatform' loaded TargetPlatform 'Android_ASTCClient'
[2020.02.20-17.16.22:235][  0]LogTemp: Display: Module 'AndroidTargetPlatform' loaded TargetPlatform 'Android_ATCClient'
[2020.02.20-17.16.22:235][  0]LogTemp: Display: Module 'AndroidTargetPlatform' loaded TargetPlatform 'Android_DXTClient'
[2020.02.20-17.16.22:235][  0]LogTemp: Display: Module 'AndroidTargetPlatform' loaded TargetPlatform 'Android_ETC1Client'
[2020.02.20-17.16.22:235][  0]LogTemp: Display: Module 'AndroidTargetPlatform' loaded TargetPlatform 'Android_ETC1aClient'
[2020.02.20-17.16.22:235][  0]LogTemp: Display: Module 'AndroidTargetPlatform' loaded TargetPlatform 'Android_ETC2Client'
[2020.02.20-17.16.22:235][  0]LogTemp: Display: Module 'AndroidTargetPlatform' loaded TargetPlatform 'Android_PVRTCClient'
[2020.02.20-17.16.22:235][  0]LogTemp: Display: Module 'AndroidTargetPlatform' loaded TargetPlatform 'Android_Multi'
[2020.02.20-17.16.22:235][  0]LogTemp: Display: Module 'AndroidTargetPlatform' loaded TargetPlatform 'Android_MultiClient'
[2020.02.20-17.16.22:237][  0]LogTemp: Display: Module 'HTML5TargetPlatform' loaded TargetPlatform 'HTML5'
[2020.02.20-17.16.22:259][  0]LogTemp: Display: Module 'IOSTargetPlatform' loaded TargetPlatform 'IOSClient'
[2020.02.20-17.16.22:259][  0]LogTemp: Display: Module 'IOSTargetPlatform' loaded TargetPlatform 'IOS'
[2020.02.20-17.16.22:273][  0]LogTemp: Display: Module 'TVOSTargetPlatform' loaded TargetPlatform 'TVOSClient'
[2020.02.20-17.16.22:273][  0]LogTemp: Display: Module 'TVOSTargetPlatform' loaded TargetPlatform 'TVOS'
[2020.02.20-17.16.22:279][  0]LogTemp: Display: Module 'LinuxClientTargetPlatform' loaded TargetPlatform 'LinuxClient'
[2020.02.20-17.16.22:287][  0]LogTemp: Display: Module 'LinuxNoEditorTargetPlatform' loaded TargetPlatform 'LinuxNoEditor'
[2020.02.20-17.16.22:294][  0]LogTemp: Display: Module 'LinuxServerTargetPlatform' loaded TargetPlatform 'LinuxServer'
[2020.02.20-17.16.22:302][  0]LogTemp: Display: Module 'LinuxTargetPlatform' loaded TargetPlatform 'Linux'
[2020.02.20-17.16.22:326][  0]LogTemp: Display: Module 'LuminTargetPlatform' loaded TargetPlatform 'Lumin'
[2020.02.20-17.16.22:326][  0]LogTemp: Display: Module 'LuminTargetPlatform' loaded TargetPlatform 'LuminClient'
[2020.02.20-17.16.22:326][  0]LogTargetPlatformManager: Display: Building Assets For Windows
[2020.02.20-17.16.22:335][  0]LogAudioDebug: Display: Lib vorbis DLL was dynamically loaded.
[2020.02.20-17.16.22:394][  0]LogShaderCompilers: Guid format shader working directory is -79 characters bigger than the processId version (../../../../../../Users/Charl/Desktop/Git Repositories/GameStudioProject/GameStudioProject/- Project/UnrealProject/TheProject/Intermediate/Shaders/WorkingDirectory/3928/).
[2020.02.20-17.16.22:394][  0]LogShaderCompilers: Cleaned the shader compiler working directory 'C:/Users/Charl/AppData/Local/Temp/UnrealShaderWorkingDir/72C93C414AA2DAD56902B0ABE8C356A6/'.
[2020.02.20-17.16.22:397][  0]LogXGEController: Cannot use XGE Controller as Incredibuild is not installed on this machine.
[2020.02.20-17.16.22:397][  0]LogShaderCompilers: Cannot use XGE Shader Compiler as Incredibuild is not installed on this machine.
[2020.02.20-17.16.22:397][  0]LogShaderCompilers: Display: Using Local Shader Compiler.
[2020.02.20-17.16.23:033][  0]LogDerivedDataCache: Display: Max Cache Size: 512 MB
[2020.02.20-17.16.23:093][  0]LogDerivedDataCache: Loaded boot cache 0.06s 77MB C:/Users/Charl/AppData/Local/UnrealEngine/4.23/DerivedDataCache/Boot.ddc.
[2020.02.20-17.16.23:093][  0]LogDerivedDataCache: Display: Loaded Boot cache: C:/Users/Charl/AppData/Local/UnrealEngine/4.23/DerivedDataCache/Boot.ddc
[2020.02.20-17.16.23:094][  0]LogDerivedDataCache: FDerivedDataBackendGraph:  Pak pak cache file ../../../../../../Users/Charl/Desktop/Git Repositories/GameStudioProject/GameStudioProject/- Project/UnrealProject/TheProject/DerivedDataCache/DDC.ddp not found, will not use a pak cache.
[2020.02.20-17.16.23:094][  0]LogDerivedDataCache: Unable to find inner node Pak for hierarchical cache Hierarchy.
[2020.02.20-17.16.23:094][  0]LogDerivedDataCache: FDerivedDataBackendGraph:  CompressedPak pak cache file ../../../../../../Users/Charl/Desktop/Git Repositories/GameStudioProject/GameStudioProject/- Project/UnrealProject/TheProject/DerivedDataCache/Compressed.ddp not found, will not use a pak cache.
[2020.02.20-17.16.23:094][  0]LogDerivedDataCache: Unable to find inner node CompressedPak for hierarchical cache Hierarchy.
[2020.02.20-17.16.23:104][  0]LogDerivedDataCache: Display: Pak cache opened for reading ../../../Engine/DerivedDataCache/Compressed.ddp.
[2020.02.20-17.16.23:104][  0]LogDerivedDataCache: FDerivedDataBackendGraph:  EnterprisePak pak cache file ../../../Enterprise/DerivedDataCache/Compressed.ddp not found, will not use a pak cache.
[2020.02.20-17.16.23:104][  0]LogDerivedDataCache: Unable to find inner node EnterprisePak for hierarchical cache Hierarchy.
[2020.02.20-17.16.23:105][  0]LogDerivedDataCache: Using Local data cache path C:/Users/Charl/AppData/Local/UnrealEngine/Common/DerivedDataCache: Writable
[2020.02.20-17.16.23:105][  0]LogDerivedDataCache: Shared data cache path not found in *engine.ini, will not use an Shared cache.
[2020.02.20-17.16.23:105][  0]LogDerivedDataCache: Unable to find inner node Shared for hierarchical cache Hierarchy.
[2020.02.20-17.16.23:128][  0]LogMaterial: Verifying Global Shaders for PCD3D_SM5
[2020.02.20-17.16.23:131][  0]LogSlate: Using FreeType 2.6.0
[2020.02.20-17.16.23:131][  0]LogSlate: SlateFontServices - WITH_FREETYPE: 1, WITH_HARFBUZZ: 1
[2020.02.20-17.16.23:181][  0]LogAssetRegistry: FAssetRegistry took 0.0033 seconds to start up
[2020.02.20-17.16.23:434][  0]LogInit: Selected Device Profile: [Windows]
[2020.02.20-17.16.23:632][  0]LogMeshReduction: Using QuadricMeshReduction for automatic static mesh reduction
[2020.02.20-17.16.23:632][  0]LogMeshReduction: Using SimplygonMeshReduction for automatic skeletal mesh reduction
[2020.02.20-17.16.23:632][  0]LogMeshReduction: Using ProxyLODMeshReduction for automatic mesh merging
[2020.02.20-17.16.23:632][  0]LogMeshReduction: No distributed automatic mesh merging module available
[2020.02.20-17.16.23:632][  0]LogMeshMerging: No distributed automatic mesh merging module available
[2020.02.20-17.16.23:651][  0]LogNetVersion: TheProject 1.0.0, NetCL: 8386587, EngineNetVer: 11, GameNetVer: 0 (Checksum: 2809919518)
[2020.02.20-17.16.24:259][  0]LogPackageLocalizationCache: Processed 14 localized package path(s) for 1 prioritized culture(s) in 0.085988 seconds
[2020.02.20-17.16.24:267][  0]LogUObjectArray: 43469 objects as part of root set at end of initial load.
[2020.02.20-17.16.24:267][  0]LogUObjectAllocator: 7553416 out of 0 bytes used by permanent object pool.
[2020.02.20-17.16.24:267][  0]LogUObjectArray: CloseDisregardForGC: 0/0 objects in disregard for GC pool
[2020.02.20-17.16.25:396][  0]LogTcpMessaging: Initializing TcpMessaging bridge
[2020.02.20-17.16.25:401][  0]LogUdpMessaging: Initializing bridge on interface 0.0.0.0:0 to multicast group 230.0.0.1:6666.
[2020.02.20-17.16.25:574][  0]SourceControl: Source control is disabled
[2020.02.20-17.16.25:574][  0]SourceControl: Source control is disabled
[2020.02.20-17.16.25:576][  0]SourceControl: Source control is disabled
[2020.02.20-17.16.25:576][  0]SourceControl: Source control is disabled
[2020.02.20-17.16.25:722][  0]LogAndroidPermission: UAndroidPermissionCallbackProxy::GetInstance
[2020.02.20-17.16.26:234][  0]LogOcInput: OculusInput pre-init called
[2020.02.20-17.16.26:240][  0]LogWindows: Failed to load 'OVRPlugin.dll' (GetLastError=126)
[2020.02.20-17.16.26:241][  0]LogWindows: File 'OVRPlugin.dll' does not exist
[2020.02.20-17.16.26:316][  0]LogEngine: Initializing Engine...
[2020.02.20-17.16.26:317][  0]LogHMD: Failed to initialize OpenVR with code 110
[2020.02.20-17.16.26:319][  0]LogStats: UGameplayTagsManager::InitializeManager -  0.001 s
[2020.02.20-17.16.26:721][  0]LogInit: Initializing FReadOnlyCVARCache
[2020.02.20-17.16.26:741][  0]LogAIModule: Creating AISystem for world Untitled
[2020.02.20-17.16.26:841][  0]LogInit: XAudio2 using 'Headphones (Plantronics C720-M Stereo)' : 2 channels at 44.1 kHz using 16 bits per sample (channel mask 0x3)
[2020.02.20-17.16.26:860][  0]LogInit: FAudioDevice initialized.
[2020.02.20-17.16.26:860][  0]LogNetVersion: Set ProjectVersion to 1.0.0.0. Version Checksum will be recalculated on next use.
[2020.02.20-17.16.26:982][  0]LogDerivedDataCache: Saved boot cache 0.12s 82MB C:/Users/Charl/AppData/Local/UnrealEngine/4.23/DerivedDataCache/Boot.ddc.
[2020.02.20-17.16.26:992][  0]LogInit: Texture streaming: Enabled
[2020.02.20-17.16.27:012][  0]LogEngineSessionManager: EngineSessionManager initialized
[2020.02.20-17.16.27:012][  0]LogEditorSessionSummary: Verbose: Initializing EditorSessionSummaryWriter for editor session tracking
[2020.02.20-17.16.27:014][  0]LogEditorSessionSummary: EditorSessionSummaryWriter initialized
[2020.02.20-17.16.27:077][  0]LogInit: Transaction tracking system initialized
[2020.02.20-17.16.27:118][  0]BlueprintLog: New page: Editor Load
[2020.02.20-17.16.27:217][  0]LocalizationService: Localization service is disabled
[2020.02.20-17.16.27:500][  0]LogFileCache: Scanning file cache for directory 'C:/Users/Charl/Desktop/Git Repositories/GameStudioProject/GameStudioProject/- Project/UnrealProject/TheProject/Content/' took 0.01s
[2020.02.20-17.16.27:500][  0]LogCook: Display: Max memory allowance for cook 16384mb min free memory 0mb
[2020.02.20-17.16.27:500][  0]LogCook: Display: Mobile HDR setting 1
[2020.02.20-17.16.27:824][  0]SourceControl: Source control is disabled
[2020.02.20-17.16.27:824][  0]Cmd: MAP LOAD FILE="../../../Engine/Content/Maps/Templates/Template_Default.umap" TEMPLATE=1 SHOWPROGRESS=1 FEATURELEVEL=3
[2020.02.20-17.16.27:826][  0]LightingResults: New page: Lighting Build
[2020.02.20-17.16.27:834][  0]LogWorld: UWorld::CleanupWorld for Untitled, bSessionEnded=true, bCleanupResources=true
[2020.02.20-17.16.27:837][  0]MapCheck: New page: Map Check
[2020.02.20-17.16.27:837][  0]LightingResults: New page: Lighting Build
[2020.02.20-17.16.27:901][  0]LogUObjectHash: Compacting FUObjectHashTables data took   4.29ms
[2020.02.20-17.16.28:043][  0]LogAIModule: Creating AISystem for world Untitled_1
[2020.02.20-17.16.28:055][  0]LogEditorServer: Finished looking for orphan Actors (0.000 secs)
[2020.02.20-17.16.28:088][  0]LogUObjectHash: Compacting FUObjectHashTables data took   4.40ms
[2020.02.20-17.16.28:089][  0]Cmd: MAP CHECKDEP NOCLEARLOG
[2020.02.20-17.16.28:091][  0]MapCheck: Map check complete: 0 Error(s), 0 Warning(s), took 0.909ms to complete.
[2020.02.20-17.16.28:091][  0]LogFileHelpers: Loading map 'Template_Default' took 0.266
[2020.02.20-17.16.28:234][  0]LogSlate: Updating window title bar state: overlay mode, drag disabled, window buttons hidden, title bar hidden
[2020.02.20-17.16.28:241][  0]LogSlate: Updating window title bar state: overlay mode, drag disabled, window buttons hidden, title bar hidden
[2020.02.20-17.16.28:250][  0]LogSlate: Updating window title bar state: overlay mode, drag disabled, window buttons hidden, title bar hidden
[2020.02.20-17.16.28:262][  0]LogSlate: Updating window title bar state: overlay mode, drag disabled, window buttons hidden, title bar hidden
[2020.02.20-17.16.28:277][  0]LogCollectionManager: Loaded 0 collections in 0.005132 seconds
[2020.02.20-17.16.28:286][  0]LogFileCache: Scanning file cache for directory 'C:/Users/Charl/Desktop/Git Repositories/GameStudioProject/GameStudioProject/- Project/UnrealProject/TheProject/Saved/Collections/' took 0.00s
[2020.02.20-17.16.28:286][  0]LogFileCache: Scanning file cache for directory 'C:/Users/Charl/Desktop/Git Repositories/GameStudioProject/GameStudioProject/- Project/UnrealProject/TheProject/Content/Developers/Charl/Collections/' took 0.00s
[2020.02.20-17.16.28:286][  0]LogFileCache: Scanning file cache for directory 'C:/Users/Charl/Desktop/Git Repositories/GameStudioProject/GameStudioProject/- Project/UnrealProject/TheProject/Content/Collections/' took 0.00s
[2020.02.20-17.16.28:286][  0]LogCollectionManager: Rebuilt the GUID cache for 0 collections in 0.000005 seconds
[2020.02.20-17.16.28:295][  0]LogContentBrowser: Native class hierarchy populated in 0.0096 seconds. Added 3013 classes and 713 folders.
[2020.02.20-17.16.28:307][  0]LogContentBrowser: Native class hierarchy updated for 'WidgetCarousel' in 0.0003 seconds. Added 0 classes and 0 folders.
[2020.02.20-17.16.28:354][  0]LogContentBrowser: Native class hierarchy updated for 'AddContentDialog' in 0.0005 seconds. Added 0 classes and 0 folders.
[2020.02.20-17.16.28:383][  0]LogSlate: Took 0.000450 seconds to synchronously load lazily loaded font '../../../Engine/Content/Slate/Fonts/Roboto-Regular.ttf' (155K)
[2020.02.20-17.16.28:388][  0]LogSlate: Took 0.000186 seconds to synchronously load lazily loaded font '../../../Engine/Content/Slate/Fonts/Roboto-Bold.ttf' (160K)
[2020.02.20-17.16.28:391][  0]LogSlate: Took 0.000327 seconds to synchronously load lazily loaded font '../../../Engine/Content/Editor/Slate/Fonts/FontAwesome.ttf' (139K)
[2020.02.20-17.16.28:466][  0]LogRenderer: Reallocating scene render targets to support 1168x572 Format 10 NumSamples 1 (Frame:1).
[2020.02.20-17.16.28:605][  0]LogContentBrowser: Native class hierarchy updated for 'HierarchicalLODOutliner' in 0.0003 seconds. Added 0 classes and 0 folders.
[2020.02.20-17.16.28:605][  0]LogLoad: (Engine Initialization) Total time: 8.90 seconds
[2020.02.20-17.16.28:605][  0]LogLoad: (Engine Initialization) Total Blueprint compile time: 0.00 seconds
[2020.02.20-17.16.28:651][  0]LogContentStreaming: Texture pool size now 1000 MB
[2020.02.20-17.16.28:668][  0]LogSlate: Took 0.000231 seconds to synchronously load lazily loaded font '../../../Engine/Content/Slate/Fonts/Roboto-Light.ttf' (167K)
[2020.02.20-17.16.49:752][237]LogAssetRegistry: Asset discovery search completed in 26.5728 seconds
[2020.02.20-17.16.49:758][237]LogCollectionManager: Rebuilt the object cache for 0 collections in 0.000004 seconds (found 0 objects)
[2020.02.20-17.16.49:758][237]LogCollectionManager: Fixed up redirectors for 0 collections in 0.000122 seconds (updated 0 objects)
[2020.02.20-17.17.28:645][353]LogEditorSessionSummary: EditorSessionSummary sent report. Type=Shutdown, SessionId={F79886EA-48C9-489F-0904-26847773F690}
[2020.02.20-17.17.28:645][353]LogEditorSessionSummary: EditorSessionSummary sent report. Type=Shutdown, SessionId={8822DB2D-4C4F-3DE5-F780-178274018C9F}
[2020.02.20-17.19.06:599][819]LogSlate: FSceneViewport::OnFocusLost() reason 5
[2020.02.20-17.19.06:970][841]LogSlate: FSceneViewport::OnFocusLost() reason 5
[2020.02.20-17.19.17:470][469]LogSlate: FSceneViewport::OnFocusLost() reason 5
[2020.02.20-17.19.17:970][499]LogSlate: FSceneViewport::OnFocusLost() reason 5
[2020.02.20-17.19.18:377][523]LogSlate: FSceneViewport::OnFocusLost() reason 5
[2020.02.20-17.19.37:128][644]LogSlate: FSceneViewport::OnFocusLost() reason 0
[2020.02.20-17.19.37:212][649]LogTemp: Repeating last play command: Selected Viewport
[2020.02.20-17.19.37:228][649]LogBlueprintUserMessages: Early PlayInEditor Detection: Level '/Temp/Untitled_1.Untitled_1:PersistentLevel' has LevelScriptBlueprint '/Temp/Untitled_1.Untitled_1:PersistentLevel.Untitled' with GeneratedClass '/Temp/Untitled_1.Untitled_C' with ClassGeneratedBy '/Temp/Untitled_1.Untitled_1:PersistentLevel.Untitled'
[2020.02.20-17.19.37:228][649]LogPlayLevel: PlayLevel: No blueprints needed recompiling
[2020.02.20-17.19.37:228][649]PIE: New page: PIE session: Untitled_1 (20 Feb 2020 17:19:37)
[2020.02.20-17.19.37:229][649]LogOnline: OSS: Creating online subsystem instance for: NULL
[2020.02.20-17.19.37:230][649]LogPlayLevel: Creating play world package: /Temp/UEDPIE_0_Untitled_1
[2020.02.20-17.19.37:232][649]LogPlayLevel: PIE: StaticDuplicateObject took: (0.002305s)
[2020.02.20-17.19.37:233][649]LogAIModule: Creating AISystem for world Untitled_1
[2020.02.20-17.19.37:233][649]LogPlayLevel: PIE: World Init took: (0.001028s)
[2020.02.20-17.19.37:233][649]LogPlayLevel: PIE: Created PIE world by copying editor world from /Temp/Untitled_1.Untitled_1 to /Temp/UEDPIE_0_Untitled_1.Untitled_1 (0.003541s)
[2020.02.20-17.19.37:258][649]LogUObjectHash: Compacting FUObjectHashTables data took   1.43ms
[2020.02.20-17.19.37:280][649]LogInit: XAudio2 using 'Headphones (Plantronics C720-M Stereo)' : 2 channels at 44.1 kHz using 16 bits per sample (channel mask 0x3)
[2020.02.20-17.19.37:291][649]LogInit: FAudioDevice initialized.
[2020.02.20-17.19.37:300][649]LogLoad: Game class is 'GameModeBase'
[2020.02.20-17.19.37:302][649]LogWorld: Bringing World /Temp/UEDPIE_0_Untitled_1.Untitled_1 up for play (max tick rate 60) at 2020.02.20-17.19.37
[2020.02.20-17.19.37:303][649]LogWorld: Bringing up level for play took: 0.000512
[2020.02.20-17.19.37:303][649]LogOnline: OSS: Creating online subsystem instance for: :Context_1
[2020.02.20-17.19.37:311][649]LogContentBrowser: Native class hierarchy updated for 'MovieSceneCapture' in 0.0004 seconds. Added 20 classes and 0 folders.
[2020.02.20-17.19.37:315][649]PIE: Play in editor start time for /Temp/UEDPIE_0_Untitled_1 0.117
[2020.02.20-17.19.37:315][649]LogBlueprintUserMessages: Late PlayInEditor Detection: Level '/Temp/Untitled_1.Untitled_1:PersistentLevel' has LevelScriptBlueprint '/Temp/Untitled_1.Untitled_1:PersistentLevel.Untitled' with GeneratedClass '/Temp/Untitled_1.Untitled_C' with ClassGeneratedBy '/Temp/Untitled_1.Untitled_1:PersistentLevel.Untitled'
[2020.02.20-17.19.42:342][949]LogBlueprintUserMessages: Early EndPlayMap Detection: Level '/Temp/Untitled_1.Untitled_1:PersistentLevel' has LevelScriptBlueprint '/Temp/Untitled_1.Untitled_1:PersistentLevel.Untitled' with GeneratedClass '/Temp/Untitled_1.Untitled_C' with ClassGeneratedBy '/Temp/Untitled_1.Untitled_1:PersistentLevel.Untitled'
[2020.02.20-17.19.42:342][949]LogSlate: Updating window title bar state: overlay mode, drag disabled, window buttons hidden, title bar hidden
[2020.02.20-17.19.42:342][949]LogWorld: BeginTearingDown for /Temp/UEDPIE_0_Untitled_1
[2020.02.20-17.19.42:342][949]LogWorld: UWorld::CleanupWorld for Untitled_1, bSessionEnded=true, bCleanupResources=true
[2020.02.20-17.19.42:351][949]LogPlayLevel: Display: Shutting down PIE online subsystems
[2020.02.20-17.19.42:351][949]LogBlueprintUserMessages: Late EndPlayMap Detection: Level '/Temp/Untitled_1.Untitled_1:PersistentLevel' has LevelScriptBlueprint '/Temp/Untitled_1.Untitled_1:PersistentLevel.Untitled' with GeneratedClass '/Temp/Untitled_1.Untitled_C' with ClassGeneratedBy '/Temp/Untitled_1.Untitled_1:PersistentLevel.Untitled'
[2020.02.20-17.19.42:383][949]LogSlate: Updating window title bar state: overlay mode, drag disabled, window buttons hidden, title bar hidden
[2020.02.20-17.19.42:392][949]LogUObjectHash: Compacting FUObjectHashTables data took   1.54ms
[2020.02.20-17.19.42:452][953]LogPlayLevel: Display: Destroying online subsystem :Context_1
[2020.02.20-17.19.50:270][420]LogSlate: FSceneViewport::OnFocusLost() reason 0
[2020.02.20-17.21.24:575][ 12]LogSlate: Window 'Color Picker' being destroyed
[2020.02.20-17.21.29:010][266]LogSlate: Window 'Color Picker' being destroyed
[2020.02.20-17.21.37:148][724]LogSlate: Window 'Color Picker' being destroyed
[2020.02.20-17.21.54:444][761]LogRenderer: Reallocating scene render targets to support 1168x608 Format 10 NumSamples 1 (Frame:7206).
[2020.02.20-17.22.45:344][809]LogSlate: Window 'Editor Preferences' being destroyed
[2020.02.20-17.22.45:349][809]LogSlate: Window 'Editor Preferences' being destroyed
[2020.02.20-17.23.06:092][ 37]LogActorComponent: UnregisterComponent: (/Engine/Transient.SphereBrushComponent) Not registered. Aborting.
[2020.02.20-17.25.25:959][394]LogUObjectHash: Compacting FUObjectHashTables data took   0.77ms
[2020.02.20-17.25.26:037][394]LogSlate: Window 'TheProject - Unreal Editor' being destroyed
[2020.02.20-17.25.26:218][395]Cmd: QUIT_EDITOR
[2020.02.20-17.25.27:203][395]LogWindowsTextInputMethodSystem: Display: IME system now deactivated.
[2020.02.20-17.25.27:227][395]LogExit: Preparing to exit.
[2020.02.20-17.25.27:730][395]LogDemo: Cleaned up 0 splitscreen connections with owner deletion
[2020.02.20-17.25.27:743][395]LogWorld: UWorld::CleanupWorld for None, bSessionEnded=true, bCleanupResources=true
[2020.02.20-17.25.27:744][395]LogExit: Editor shut down
[2020.02.20-17.25.27:744][395]LogExit: Transaction tracking system shut down
[2020.02.20-17.25.28:076][395]LogExit: Object subsystem successfully closed.
[2020.02.20-17.25.28:140][395]LogShaderCompilers: Display: Shaders left to compile 0
[2020.02.20-17.25.28:186][395]LogModuleManager: Shutting down and abandoning module MovieSceneCapture (700)
[2020.02.20-17.25.28:187][395]LogModuleManager: Shutting down and abandoning module Voice (698)
[2020.02.20-17.25.28:187][395]LogModuleManager: Shutting down and abandoning module HierarchicalLODOutliner (696)
[2020.02.20-17.25.28:187][395]LogModuleManager: Shutting down and abandoning module AddContentDialog (694)
[2020.02.20-17.25.28:189][395]LogModuleManager: Shutting down and abandoning module WidgetCarousel (693)
[2020.02.20-17.25.28:189][395]LogModuleManager: Shutting down and abandoning module EditorWidgets (690)
[2020.02.20-17.25.28:189][395]LogModuleManager: Shutting down and abandoning module CollectionManager (688)
[2020.02.20-17.25.28:190][395]LogModuleManager: Shutting down and abandoning module SceneOutliner (686)
[2020.02.20-17.25.28:191][395]LogModuleManager: Shutting down and abandoning module HierarchicalLODUtilities (684)
[2020.02.20-17.25.28:191][395]LogModuleManager: Shutting down and abandoning module StatsViewer (682)
[2020.02.20-17.25.28:191][395]LogModuleManager: Shutting down and abandoning module VirtualTexturingEditor (680)
[2020.02.20-17.25.28:191][395]LogModuleManager: Shutting down and abandoning module FoliageEdit (678)
[2020.02.20-17.25.28:191][395]LogModuleManager: Shutting down and abandoning module LandscapeEditor (676)
[2020.02.20-17.25.28:191][395]LogModuleManager: Shutting down and abandoning module MeshPaintMode (674)
[2020.02.20-17.25.28:191][395]LogModuleManager: Shutting down and abandoning module SceneDepthPickerMode (672)
[2020.02.20-17.25.28:191][395]LogModuleManager: Shutting down and abandoning module ActorPickerMode (670)
[2020.02.20-17.25.28:191][395]LogModuleManager: Shutting down and abandoning module GeometryMode (668)
[2020.02.20-17.25.28:191][395]LogModuleManager: Shutting down and abandoning module TextureAlignMode (666)
[2020.02.20-17.25.28:191][395]LogModuleManager: Shutting down and abandoning module BspMode (664)
[2020.02.20-17.25.28:191][395]LogModuleManager: Shutting down and abandoning module PIEPreviewDeviceProfileSelector (662)
[2020.02.20-17.25.28:191][395]LogModuleManager: Shutting down and abandoning module SequenceRecorderSections (660)
[2020.02.20-17.25.28:191][395]LogModuleManager: Shutting down and abandoning module AutomationWorker (658)
[2020.02.20-17.25.28:191][395]LogModuleManager: Shutting down and abandoning module OculusMR (656)
[2020.02.20-17.25.28:192][395]LogModuleManager: Shutting down and abandoning module AudioCaptureEditor (654)
[2020.02.20-17.25.28:192][395]LogModuleManager: Shutting down and abandoning module MatineeToLevelSequence (652)
[2020.02.20-17.25.28:192][395]LogModuleManager: Shutting down and abandoning module LevelSequenceEditor (650)
[2020.02.20-17.25.28:192][395]LogModuleManager: Shutting down and abandoning module PlacementMode (649)
[2020.02.20-17.25.28:192][395]LogModuleManager: Shutting down and abandoning module MaterialEditor (648)
[2020.02.20-17.25.28:192][395]LogModuleManager: Shutting down and abandoning module ActorSequenceEditor (644)
[2020.02.20-17.25.28:192][395]LogModuleManager: Shutting down and abandoning module WmfMediaFactory (642)
[2020.02.20-17.25.28:192][395]LogModuleManager: Shutting down and abandoning module WmfMediaEditor (640)
[2020.02.20-17.25.28:192][395]LogModuleManager: Shutting down and abandoning module WebMMediaFactory (638)
[2020.02.20-17.25.28:192][395]LogModuleManager: Shutting down and abandoning module WebMMediaEditor (636)
[2020.02.20-17.25.28:192][395]LogModuleManager: Shutting down and abandoning module WebMMedia (634)
[2020.02.20-17.25.28:192][395]LogModuleManager: Shutting down and abandoning module MediaPlayerEditor (632)
[2020.02.20-17.25.28:192][395]LogModuleManager: Shutting down and abandoning module MediaCompositingEditor (630)
[2020.02.20-17.25.28:192][395]LogModuleManager: Shutting down and abandoning module SequenceRecorder (629)
[2020.02.20-17.25.28:192][395]LogModuleManager: Shutting down and abandoning module OpenExrWrapper (626)
[2020.02.20-17.25.28:192][395]LogModuleManager: Shutting down and abandoning module ImgMediaFactory (624)
[2020.02.20-17.25.28:192][395]LogModuleManager: Shutting down and abandoning module ImgMediaEditor (622)
[2020.02.20-17.25.28:192][395]LogModuleManager: Shutting down and abandoning module AvfMediaFactory (620)
[2020.02.20-17.25.28:192][395]LogModuleManager: Shutting down and abandoning module AvfMediaEditor (618)
[2020.02.20-17.25.28:192][395]LogModuleManager: Shutting down and abandoning module AndroidMediaFactory (616)
[2020.02.20-17.25.28:192][395]LogModuleManager: Shutting down and abandoning module AndroidMediaEditor (614)
[2020.02.20-17.25.28:192][395]LogModuleManager: Shutting down and abandoning module MagicLeapCameraPreviewFactory (612)
[2020.02.20-17.25.28:192][395]LogModuleManager: Shutting down and abandoning module MagicLeapMediaCodecFactory (610)
[2020.02.20-17.25.28:192][395]LogModuleManager: Shutting down and abandoning module MagicLeapMediaFactory (608)
[2020.02.20-17.25.28:192][395]LogModuleManager: Shutting down and abandoning module MagicLeapMediaEditor (606)
[2020.02.20-17.25.28:192][395]LogModuleManager: Shutting down and abandoning module CharacterAI (604)
[2020.02.20-17.25.28:192][395]LogModuleManager: Shutting down and abandoning module SmartSnapping (602)
[2020.02.20-17.25.28:192][395]LogModuleManager: Shutting down and abandoning module SessionServices (600)
[2020.02.20-17.25.28:192][395]LogModuleManager: Shutting down and abandoning module MeshPaint (598)
[2020.02.20-17.25.28:192][395]LogModuleManager: Shutting down and abandoning module ViewportSnapping (596)
[2020.02.20-17.25.28:192][395]LogModuleManager: Shutting down and abandoning module ViewportInteraction (594)
[2020.02.20-17.25.28:192][395]LogModuleManager: Shutting down and abandoning module ClothPainter (592)
[2020.02.20-17.25.28:192][395]LogModuleManager: Shutting down and abandoning module SkeletalMeshEditor (591)
[2020.02.20-17.25.28:193][395]LogModuleManager: Shutting down and abandoning module LogVisualizer (588)
[2020.02.20-17.25.28:193][395]LogModuleManager: Shutting down and abandoning module IntroTutorials (586)
[2020.02.20-17.25.28:193][395]LogModuleManager: Shutting down and abandoning module GameProjectGeneration (585)
[2020.02.20-17.25.28:193][395]LogModuleManager: Shutting down and abandoning module LuminPlatformEditor (582)
[2020.02.20-17.25.28:193][395]LogModuleManager: Shutting down and abandoning module IOSPlatformEditor (580)
[2020.02.20-17.25.28:193][395]LogModuleManager: Shutting down and abandoning module HTML5PlatformEditor (578)
[2020.02.20-17.25.28:193][395]LogModuleManager: Shutting down and abandoning module AndroidPlatformEditor (576)
[2020.02.20-17.25.28:193][395]LogModuleManager: Shutting down and abandoning module AndroidDeviceDetection (575)
[2020.02.20-17.25.28:566][395]LogModuleManager: Shutting down and abandoning module WindowsPlatformEditor (572)
[2020.02.20-17.25.28:566][395]LogModuleManager: Shutting down and abandoning module LuminRuntimeSettings (570)
[2020.02.20-17.25.28:566][395]LogModuleManager: Shutting down and abandoning module IOSRuntimeSettings (568)
[2020.02.20-17.25.28:566][395]LogModuleManager: Shutting down and abandoning module AndroidRuntimeSettings (566)
[2020.02.20-17.25.28:566][395]LogModuleManager: Shutting down and abandoning module TimeManagementEditor (564)
[2020.02.20-17.25.28:566][395]LogModuleManager: Shutting down and abandoning module InputBindingEditor (562)
[2020.02.20-17.25.28:566][395]LogModuleManager: Shutting down and abandoning module MergeActors (560)
[2020.02.20-17.25.28:566][395]LogModuleManager: Shutting down and abandoning module LocalizationDashboard (558)
[2020.02.20-17.25.28:566][395]LogModuleManager: Shutting down and abandoning module LocalizationService (557)
[2020.02.20-17.25.28:566][395]LogModuleManager: Shutting down and abandoning module HardwareTargeting (554)
[2020.02.20-17.25.28:566][395]LogModuleManager: Shutting down and abandoning module DeviceProfileEditor (552)
[2020.02.20-17.25.28:566][395]LogModuleManager: Shutting down and abandoning module UndoHistory (550)
[2020.02.20-17.25.28:566][395]LogModuleManager: Shutting down and abandoning module XmlParser (548)
[2020.02.20-17.25.28:566][395]LogModuleManager: Shutting down and abandoning module Blutility (546)
[2020.02.20-17.25.28:566][395]LogModuleManager: Shutting down and abandoning module ProjectSettingsViewer (544)
[2020.02.20-17.25.28:566][395]LogModuleManager: Shutting down and abandoning module ProjectTargetPlatformEditor (543)
[2020.02.20-17.25.28:567][395]LogModuleManager: Shutting down and abandoning module EditorSettingsViewer (540)
[2020.02.20-17.25.28:567][395]LogModuleManager: Shutting down and abandoning module SettingsEditor (538)
[2020.02.20-17.25.28:567][395]LogModuleManager: Shutting down and abandoning module ProjectLauncher (536)
[2020.02.20-17.25.28:567][395]LogModuleManager: Shutting down and abandoning module SessionFrontend (534)
[2020.02.20-17.25.28:567][395]LogModuleManager: Shutting down and abandoning module ProfilerClient (532)
[2020.02.20-17.25.28:567][395]LogModuleManager: Shutting down and abandoning module DeviceManager (530)
[2020.02.20-17.25.28:567][395]LogModuleManager: Shutting down and abandoning module TargetDeviceServices (529)
[2020.02.20-17.25.28:609][395]LogModuleManager: Shutting down and abandoning module AutomationController (526)
[2020.02.20-17.25.28:609][395]LogModuleManager: Shutting down and abandoning module AutomationWindow (524)
[2020.02.20-17.25.28:609][395]LogModuleManager: Shutting down and abandoning module Layers (522)
[2020.02.20-17.25.28:609][395]LogModuleManager: Shutting down and abandoning module ComponentVisualizers (520)
[2020.02.20-17.25.28:609][395]LogModuleManager: Shutting down and abandoning module DetailCustomizations (518)
[2020.02.20-17.25.28:609][395]LogModuleManager: Shutting down and abandoning module PackagesDialog (516)
[2020.02.20-17.25.28:609][395]LogModuleManager: Shutting down and abandoning module AnimationBlueprintEditor (514)
[2020.02.20-17.25.28:609][395]LogModuleManager: Shutting down and abandoning module Persona (512)
[2020.02.20-17.25.28:609][395]LogModuleManager: Shutting down and abandoning module AdvancedPreviewScene (511)
[2020.02.20-17.25.28:609][395]LogModuleManager: Shutting down and abandoning module AnimGraph (509)
[2020.02.20-17.25.28:609][395]LogModuleManager: Shutting down and abandoning module Kismet (506)
[2020.02.20-17.25.28:609][395]LogModuleManager: Shutting down and abandoning module KismetWidgets (505)
[2020.02.20-17.25.28:609][395]LogModuleManager: Shutting down and abandoning module GraphEditor (502)
[2020.02.20-17.25.28:609][395]LogModuleManager: Shutting down and abandoning module StructViewer (500)
[2020.02.20-17.25.28:609][395]LogModuleManager: Shutting down and abandoning module ClassViewer (498)
[2020.02.20-17.25.28:609][395]LogModuleManager: Shutting down and abandoning module Toolbox (496)
[2020.02.20-17.25.28:610][395]LogModuleManager: Shutting down and abandoning module DesktopPlatform (495)
[2020.02.20-17.25.28:610][395]LogModuleManager: Shutting down and abandoning module ModuleUI (492)
[2020.02.20-17.25.28:610][395]LogModuleManager: Shutting down and abandoning module MovieSceneTools (490)
[2020.02.20-17.25.28:610][395]LogModuleManager: Shutting down and abandoning module OutputLog (488)
[2020.02.20-17.25.28:610][395]LogModuleManager: Shutting down and abandoning module GammaUI (486)
[2020.02.20-17.25.28:610][395]LogModuleManager: Shutting down and abandoning module Documentation (484)
[2020.02.20-17.25.28:610][395]LogModuleManager: Shutting down and abandoning module LiveCoding (482)
[2020.02.20-17.25.28:610][395]LogModuleManager: Shutting down and abandoning module LevelSequence (480)
[2020.02.20-17.25.28:610][395]LogModuleManager: Shutting down and abandoning module MovieSceneTracks (478)
[2020.02.20-17.25.28:610][395]LogModuleManager: Shutting down and abandoning module MovieScene (476)
[2020.02.20-17.25.28:610][395]LogModuleManager: Shutting down and abandoning module StreamingPauseRendering (474)
[2020.02.20-17.25.28:610][395]LogModuleManager: Shutting down and abandoning module LauncherPlatform (472)
[2020.02.20-17.25.28:610][395]LogModuleManager: Shutting down and abandoning module AnalyticsET (470)
[2020.02.20-17.25.28:610][395]LogModuleManager: Shutting down and abandoning module PortalServices (468)
[2020.02.20-17.25.28:610][395]LogModuleManager: Shutting down and abandoning module PortalRpc (466)
[2020.02.20-17.25.28:610][395]LogModuleManager: Shutting down and abandoning module MessagingRpc (464)
[2020.02.20-17.25.28:610][395]LogModuleManager: Shutting down and abandoning module AIModule (462)
[2020.02.20-17.25.28:610][395]LogModuleManager: Shutting down and abandoning module GameplayDebugger (461)
[2020.02.20-17.25.28:610][395]LogModuleManager: Shutting down and abandoning module AITestSuite (459)
[2020.02.20-17.25.28:610][395]LogModuleManager: Shutting down and abandoning module NavigationSystem (457)
[2020.02.20-17.25.28:610][395]LogModuleManager: Shutting down and abandoning module ImageWriteQueue (454)
[2020.02.20-17.25.28:616][395]LogModuleManager: Shutting down and abandoning module ProfilerService (452)
[2020.02.20-17.25.28:850][395]LogModuleManager: Shutting down and abandoning module TaskGraph (450)
[2020.02.20-17.25.28:850][395]LogModuleManager: Shutting down and abandoning module ScreenshotTools (448)
[2020.02.20-17.25.28:850][395]LogModuleManager: Shutting down and abandoning module SteamVRController (446)
[2020.02.20-17.25.28:850][395]LogModuleManager: Shutting down and abandoning module ProceduralMeshComponentEditor (444)
[2020.02.20-17.25.28:850][395]LogModuleManager: Shutting down and abandoning module ProceduralMeshComponent (442)
[2020.02.20-17.25.28:850][395]LogModuleManager: Shutting down and abandoning module OculusEditor (440)
[2020.02.20-17.25.28:850][395]LogModuleManager: Shutting down and abandoning module OculusInput (438)
[2020.02.20-17.25.28:850][395]LogModuleManager: Shutting down and abandoning module MobilePatchingUtils (436)
[2020.02.20-17.25.28:850][395]LogModuleManager: Shutting down and abandoning module EditableMesh (434)
[2020.02.20-17.25.28:850][395]LogModuleManager: Shutting down and abandoning module CustomMeshComponent (432)
[2020.02.20-17.25.28:850][395]LogModuleManager: Shutting down and abandoning module CableComponent (430)
[2020.02.20-17.25.28:850][395]LogModuleManager: Shutting down and abandoning module AudioCapture (428)
[2020.02.20-17.25.28:850][395]LogModuleManager: Shutting down and abandoning module ArchVisCharacter (426)
[2020.02.20-17.25.28:850][395]LogModuleManager: Shutting down and abandoning module AppleImageUtilsBlueprintSupport (424)
[2020.02.20-17.25.28:850][395]LogModuleManager: Shutting down and abandoning module AppleImageUtils (422)
[2020.02.20-17.25.28:850][395]LogModuleManager: Shutting down and abandoning module AndroidPermission (420)
[2020.02.20-17.25.28:850][395]LogModuleManager: Shutting down and abandoning module NUTUnrealEngine4 (418)
[2020.02.20-17.25.28:850][395]LogModuleManager: Shutting down and abandoning module NetcodeUnitTest (416)
[2020.02.20-17.25.28:850][395]LogModuleManager: Shutting down and abandoning module MediaCompositing (414)
[2020.02.20-17.25.28:850][395]LogModuleManager: Shutting down and abandoning module ImgMedia (412)
[2020.02.20-17.25.28:850][395]LogModuleManager: Shutting down and abandoning module MagicLeapHelperVulkan (410)
[2020.02.20-17.25.28:850][395]LogModuleManager: Shutting down and abandoning module MagicLeapHelperOpenGL (408)
[2020.02.20-17.25.28:850][395]LogModuleManager: Shutting down and abandoning module MagicLeapAudio (406)
[2020.02.20-17.25.28:850][395]LogModuleManager: Shutting down and abandoning module NiagaraEditorWidgets (404)
[2020.02.20-17.25.28:856][395]LogModuleManager: Shutting down and abandoning module HoudiniNiagaraEditor (402)
[2020.02.20-17.25.28:857][395]LogModuleManager: Shutting down and abandoning module HoudiniNiagara (400)
[2020.02.20-17.25.28:857][395]LogModuleManager: Shutting down and abandoning module HTML5Networking (398)
[2020.02.20-17.25.28:857][395]LogModuleManager: Shutting down and abandoning module GeometryCacheTracks (396)
[2020.02.20-17.25.28:857][395]LogModuleManager: Shutting down and abandoning module GeometryCacheSequencer (394)
[2020.02.20-17.25.28:857][395]LogModuleManager: Shutting down and abandoning module CodeView (392)
[2020.02.20-17.25.28:857][395]LogModuleManager: Shutting down and abandoning module BackChannel (390)
[2020.02.20-17.25.28:857][395]LogModuleManager: Shutting down and abandoning module AutomationUtilsEditor (388)
[2020.02.20-17.25.28:857][395]LogModuleManager: Shutting down and abandoning module AutomationUtils (386)
[2020.02.20-17.25.28:857][395]LogModuleManager: Shutting down and abandoning module AlembicImporter (384)
[2020.02.20-17.25.28:857][395]LogModuleManager: Shutting down and abandoning module AlembicLibrary (383)
[2020.02.20-17.25.28:857][395]LogModuleManager: Shutting down and abandoning module GeometryCache (382)
[2020.02.20-17.25.28:857][395]LogModuleManager: Shutting down and abandoning module GeometryCacheEd (381)
[2020.02.20-17.25.28:857][395]LogModuleManager: Shutting down and abandoning module VariantManagerContent (376)
[2020.02.20-17.25.28:857][395]LogModuleManager: Shutting down and abandoning module DatasmithContentEditor (374)
[2020.02.20-17.25.28:857][395]LogModuleManager: Shutting down and abandoning module SpeedTreeImporter (372)
[2020.02.20-17.25.28:857][395]LogModuleManager: Shutting down and abandoning module PluginBrowser (370)
[2020.02.20-17.25.28:857][395]LogModuleManager: Shutting down and abandoning module MobileLauncherProfileWizard (368)
[2020.02.20-17.25.28:857][395]LogModuleManager: Shutting down and abandoning module MaterialAnalyzer (366)
[2020.02.20-17.25.28:857][395]LogModuleManager: Shutting down and abandoning module CurveEditorTools (364)
[2020.02.20-17.25.28:858][395]LogModuleManager: Shutting down and abandoning module CurveEditor (363)
[2020.02.20-17.25.28:858][395]LogModuleManager: Shutting down and abandoning module CryptoKeysOpenSSL (360)
[2020.02.20-17.25.28:858][395]LogModuleManager: Shutting down and abandoning module CryptoKeys (358)
[2020.02.20-17.25.28:858][395]LogModuleManager: Shutting down and abandoning module VisualStudioSourceCodeAccess (356)
[2020.02.20-17.25.28:858][395]LogModuleManager: Shutting down and abandoning module VisualStudioCodeSourceCodeAccess (354)
[2020.02.20-17.25.28:858][395]LogModuleManager: Shutting down and abandoning module UObjectPlugin (352)
[2020.02.20-17.25.28:858][395]LogModuleManager: Shutting down and abandoning module SubversionSourceControl (350)
[2020.02.20-17.25.28:859][395]LogModuleManager: Shutting down and abandoning module PerforceSourceControl (348)
[2020.02.20-17.25.28:859][395]LogModuleManager: Shutting down and abandoning module GitSourceControl (346)
[2020.02.20-17.25.28:859][395]LogModuleManager: Shutting down and abandoning module SourceControl (345)
[2020.02.20-17.25.28:859][395]LogModuleManager: Shutting down and abandoning module CLionSourceCodeAccess (342)
[2020.02.20-17.25.28:859][395]LogModuleManager: Shutting down and abandoning module AnimationSharingEd (340)
[2020.02.20-17.25.28:859][395]LogModuleManager: Shutting down and abandoning module ActorLayerUtilitiesEditor (338)
[2020.02.20-17.25.28:859][395]LogModuleManager: Shutting down and abandoning module ActorLayerUtilities (336)
[2020.02.20-17.25.28:859][395]LogModuleManager: Shutting down and abandoning module LightPropagationVolumeEditor (334)
[2020.02.20-17.25.28:859][395]LogModuleManager: Shutting down and abandoning module PaperTiledImporter (332)
[2020.02.20-17.25.28:859][395]LogModuleManager: Shutting down and abandoning module PaperSpriteSheetImporter (330)
[2020.02.20-17.25.28:859][395]LogModuleManager: Shutting down and abandoning module Paper2DEditor (328)
[2020.02.20-17.25.28:859][395]LogModuleManager: Shutting down and abandoning module TheProject (326)
[2020.02.20-17.25.28:859][395]LogModuleManager: Shutting down and abandoning module SignificanceManager (324)
[2020.02.20-17.25.28:859][395]LogModuleManager: Shutting down and abandoning module RuntimePhysXCooking (322)
[2020.02.20-17.25.28:859][395]LogModuleManager: Shutting down and abandoning module PhysXVehiclesEditor (320)
[2020.02.20-17.25.28:859][395]LogModuleManager: Shutting down and abandoning module LocationServicesBPLibrary (316)
[2020.02.20-17.25.28:859][395]LogModuleManager: Shutting down and abandoning module ApexDestructionEditor (314)
[2020.02.20-17.25.28:859][395]LogModuleManager: Shutting down and abandoning module ApexDestruction (312)
[2020.02.20-17.25.28:860][395]LogModuleManager: Shutting down and abandoning module ActorSequence (310)
[2020.02.20-17.25.28:860][395]LogModuleManager: Shutting down and abandoning module UdpMessaging (308)
[2020.02.20-17.25.28:961][395]LogModuleManager: Shutting down and abandoning module TcpMessaging (306)
[2020.02.20-17.25.29:062][395]LogModuleManager: Shutting down and abandoning module MagicLeapIdentity (304)
[2020.02.20-17.25.29:062][395]LogModuleManager: Shutting down and abandoning module MagicLeapSecureStorage (302)
[2020.02.20-17.25.29:062][395]LogModuleManager: Shutting down and abandoning module MagicLeapHandTracking (300)
[2020.02.20-17.25.29:062][395]LogModuleManager: Shutting down and abandoning module MagicLeapEyeTracker (298)
[2020.02.20-17.25.29:062][395]LogModuleManager: Shutting down and abandoning module MagicLeapController (296)
[2020.02.20-17.25.29:062][395]LogSlate: Slate User Destroyed.  User Index 0, Is Virtual User: 0
[2020.02.20-17.25.29:062][395]LogModuleManager: Shutting down and abandoning module MagicLeapAR (294)
[2020.02.20-17.25.29:062][395]LogModuleManager: Shutting down and abandoning module AugmentedReality (293)
[2020.02.20-17.25.29:062][395]LogModuleManager: Shutting down and abandoning module NiagaraEditor (290)
[2020.02.20-17.25.29:067][395]LogModuleManager: Shutting down and abandoning module NiagaraAnimNotifies (288)
[2020.02.20-17.25.29:068][395]LogModuleManager: Shutting down and abandoning module Niagara (286)
[2020.02.20-17.25.29:068][395]LogModuleManager: Shutting down and abandoning module NiagaraCore (284)
[2020.02.20-17.25.29:069][395]LogModuleManager: Shutting down and abandoning module GameplayTagsEditor (282)
[2020.02.20-17.25.29:069][395]LogModuleManager: Shutting down and abandoning module FacialAnimationEditor (280)
[2020.02.20-17.25.29:069][395]LogModuleManager: Shutting down and abandoning module FacialAnimation (278)
[2020.02.20-17.25.29:069][395]LogModuleManager: Shutting down and abandoning module DataValidation (276)
[2020.02.20-17.25.29:069][395]LogModuleManager: Shutting down and abandoning module AssetManagerEditor (274)
[2020.02.20-17.25.29:069][395]LogModuleManager: Shutting down and abandoning module LevelEditor (273)
[2020.02.20-17.25.29:069][395]LogModuleManager: Shutting down and abandoning module PixelInspectorModule (272)
[2020.02.20-17.25.29:069][395]LogModuleManager: Shutting down and abandoning module CommonMenuExtensions (270)
[2020.02.20-17.25.29:069][395]LogModuleManager: Shutting down and abandoning module MainFrame (268)
[2020.02.20-17.25.29:069][395]LogModuleManager: Shutting down and abandoning module HotReload (267)
[2020.02.20-17.25.29:070][395]LogModuleManager: Shutting down and abandoning module ContentBrowser (263)
[2020.02.20-17.25.29:070][395]LogModuleManager: Shutting down and abandoning module TreeMap (261)
[2020.02.20-17.25.29:070][395]LogModuleManager: Shutting down and abandoning module AnimationSharing (258)
[2020.02.20-17.25.29:070][395]LogModuleManager: Shutting down and abandoning module LightPropagationVolumeRuntime (256)
[2020.02.20-17.25.29:070][395]LogModuleManager: Shutting down and abandoning module Paper2D (254)
[2020.02.20-17.25.29:070][395]LogModuleManager: Shutting down and abandoning module WindowsMoviePlayer (252)
[2020.02.20-17.25.29:073][395]LogModuleManager: Shutting down and abandoning module WebMMoviePlayer (250)
[2020.02.20-17.25.29:073][395]LogModuleManager: Shutting down and abandoning module NetworkReplayStreaming (248)
[2020.02.20-17.25.29:073][395]LogModuleManager: Shutting down and abandoning module PacketHandler (246)
[2020.02.20-17.25.29:073][395]LogModuleManager: Shutting down and abandoning module ClothingSystemEditor (244)
[2020.02.20-17.25.29:073][395]LogModuleManager: Shutting down and abandoning module ClothingSystemRuntime (242)
[2020.02.20-17.25.29:073][395]LogModuleManager: Shutting down and abandoning module MediaAssets (240)
[2020.02.20-17.25.29:073][395]LogModuleManager: Shutting down and abandoning module Overlay (238)
[2020.02.20-17.25.29:073][395]LogModuleManager: Shutting down and abandoning module OverlayEditor (237)
[2020.02.20-17.25.29:073][395]LogModuleManager: Shutting down and abandoning module VREditor (234)
[2020.02.20-17.25.29:073][395]LogModuleManager: Shutting down and abandoning module StringTableEditor (232)
[2020.02.20-17.25.29:073][395]LogModuleManager: Shutting down and abandoning module GameplayTasksEditor (230)
[2020.02.20-17.25.29:073][395]LogModuleManager: Shutting down and abandoning module BehaviorTreeEditor (228)
[2020.02.20-17.25.29:073][395]LogModuleManager: Shutting down and abandoning module FunctionalTesting (226)
[2020.02.20-17.25.29:073][395]LogModuleManager: Shutting down and abandoning module CollisionAnalyzer (224)
[2020.02.20-17.25.29:073][395]LogModuleManager: Shutting down and abandoning module WorkspaceMenuStructure (223)
[2020.02.20-17.25.29:073][395]LogModuleManager: Shutting down and abandoning module UMG (220)
[2020.02.20-17.25.29:073][395]LogModuleManager: Shutting down and abandoning module UMGEditor (219)
[2020.02.20-17.25.29:073][395]LogModuleManager: Shutting down and abandoning module Sequencer (218)
[2020.02.20-17.25.29:073][395]LogModuleManager: Shutting down and abandoning module MessageLog (215)
[2020.02.20-17.25.29:073][395]LogModuleManager: Shutting down and abandoning module SlateReflector (210)
[2020.02.20-17.25.29:073][395]LogModuleManager: Shutting down and abandoning module Slate (208)
[2020.02.20-17.25.29:073][395]LogModuleManager: Shutting down and abandoning module LandscapeEditorUtilities (206)
[2020.02.20-17.25.29:073][395]LogModuleManager: Shutting down and abandoning module EditorStyle (204)
[2020.02.20-17.25.29:074][395]LogModuleManager: Shutting down and abandoning module UnrealEd (202)
[2020.02.20-17.25.29:074][395]LogModuleManager: Shutting down and abandoning module MRMesh (200)
[2020.02.20-17.25.29:074][395]LogModuleManager: Shutting down and abandoning module SourceCodeAccess (198)
[2020.02.20-17.25.29:074][395]LogModuleManager: Shutting down and abandoning module HeadMountedDisplay (196)
[2020.02.20-17.25.29:074][395]LogModuleManager: Shutting down and abandoning module XAudio2 (194)
[2020.02.20-17.25.29:074][395]LogModuleManager: Shutting down and abandoning module Networking (192)
[2020.02.20-17.25.29:074][395]LogModuleManager: Shutting down and abandoning module Core (190)
[2020.02.20-17.25.29:074][395]LogModuleManager: Shutting down and abandoning module KismetCompiler (188)
[2020.02.20-17.25.29:074][395]LogModuleManager: Shutting down and abandoning module MeshUtilities (186)
[2020.02.20-17.25.29:075][395]LogModuleManager: Shutting down and abandoning module MeshMergeUtilities (185)
[2020.02.20-17.25.29:075][395]LogModuleManager: Shutting down and abandoning module MeshReductionInterface (184)
[2020.02.20-17.25.29:075][395]LogModuleManager: Shutting down and abandoning module SkeletalMeshReduction (183)
[2020.02.20-17.25.29:075][395]LogModuleManager: Shutting down and abandoning module ProxyLODMeshReduction (181)
[2020.02.20-17.25.29:075][395]LogModuleManager: Shutting down and abandoning module QuadricMeshReduction (179)
[2020.02.20-17.25.29:075][395]LogModuleManager: Shutting down and abandoning module MaterialBaking (175)
[2020.02.20-17.25.29:075][395]LogModuleManager: Shutting down and abandoning module NullInstallBundleManager (170)
[2020.02.20-17.25.29:075][395]LogModuleManager: Shutting down and abandoning module DerivedDataCache (168)
[2020.02.20-17.25.29:110][395]LogDerivedDataCache: Shutdown
[2020.02.20-17.25.29:110][395]LogModuleManager: Shutting down and abandoning module XGEController (166)
[2020.02.20-17.25.29:111][395]LogModuleManager: Shutting down and abandoning module TargetPlatform (164)
[2020.02.20-17.25.29:111][395]LogModuleManager: Shutting down and abandoning module VulkanShaderFormat (163)
[2020.02.20-17.25.29:111][395]LogModuleManager: Shutting down and abandoning module ShaderFormatVectorVM (161)
[2020.02.20-17.25.29:111][395]LogModuleManager: Shutting down and abandoning module ShaderFormatOpenGL (159)
[2020.02.20-17.25.29:111][395]LogModuleManager: Shutting down and abandoning module ShaderFormatD3D (157)
[2020.02.20-17.25.29:111][395]LogModuleManager: Shutting down and abandoning module MetalShaderFormat (155)
[2020.02.20-17.25.29:111][395]LogModuleManager: Shutting down and abandoning module TextureFormatUncompressed (153)
[2020.02.20-17.25.29:111][395]LogModuleManager: Shutting down and abandoning module TextureFormatPVR (151)
[2020.02.20-17.25.29:111][395]LogModuleManager: Shutting down and abandoning module TextureFormatDXT (149)
[2020.02.20-17.25.29:111][395]LogModuleManager: Shutting down and abandoning module TextureFormatIntelISPCTexComp (147)
[2020.02.20-17.25.29:111][395]LogModuleManager: Shutting down and abandoning module TextureFormatASTC (145)
[2020.02.20-17.25.29:111][395]LogModuleManager: Shutting down and abandoning module ImageWrapper (144)
[2020.02.20-17.25.29:111][395]LogModuleManager: Shutting down and abandoning module TextureFormatAndroid (141)
[2020.02.20-17.25.29:111][395]LogModuleManager: Shutting down and abandoning module AudioFormatOpus (139)
[2020.02.20-17.25.29:111][395]LogModuleManager: Shutting down and abandoning module AudioFormatOgg (137)
[2020.02.20-17.25.29:111][395]LogModuleManager: Shutting down and abandoning module AudioFormatADPCM (135)
[2020.02.20-17.25.29:111][395]LogModuleManager: Shutting down and abandoning module LuminTargetPlatform (133)
[2020.02.20-17.25.29:113][395]LogModuleManager: Shutting down and abandoning module LinuxTargetPlatform (131)
[2020.02.20-17.25.29:113][395]LogModuleManager: Shutting down and abandoning module LinuxServerTargetPlatform (129)
[2020.02.20-17.25.29:113][395]LogModuleManager: Shutting down and abandoning module LinuxNoEditorTargetPlatform (127)
[2020.02.20-17.25.29:113][395]LogModuleManager: Shutting down and abandoning module LinuxClientTargetPlatform (125)
[2020.02.20-17.25.29:113][395]LogModuleManager: Shutting down and abandoning module TVOSTargetPlatform (123)
[2020.02.20-17.25.29:114][395]LogModuleManager: Shutting down and abandoning module Messaging (121)
[2020.02.20-17.25.29:114][395]LogModuleManager: Shutting down and abandoning module IOSTargetPlatform (119)
[2020.02.20-17.25.29:115][395]LogModuleManager: Shutting down and abandoning module HTML5TargetPlatform (117)
[2020.02.20-17.25.29:115][395]LogModuleManager: Shutting down and abandoning module AndroidTargetPlatform (115)
[2020.02.20-17.25.29:126][395]LogModuleManager: Shutting down and abandoning module WindowsTargetPlatform (113)
[2020.02.20-17.25.29:127][395]LogModuleManager: Shutting down and abandoning module WindowsServerTargetPlatform (111)
[2020.02.20-17.25.29:127][395]LogModuleManager: Shutting down and abandoning module WindowsNoEditorTargetPlatform (109)
[2020.02.20-17.25.29:127][395]LogModuleManager: Shutting down and abandoning module WindowsClientTargetPlatform (107)
[2020.02.20-17.25.29:127][395]LogModuleManager: Shutting down and abandoning module MacTargetPlatform (105)
[2020.02.20-17.25.29:127][395]LogModuleManager: Shutting down and abandoning module MacServerTargetPlatform (103)
[2020.02.20-17.25.29:127][395]LogModuleManager: Shutting down and abandoning module MacNoEditorTargetPlatform (101)
[2020.02.20-17.25.29:127][395]LogModuleManager: Shutting down and abandoning module MacClientTargetPlatform (99)
[2020.02.20-17.25.29:127][395]LogModuleManager: Shutting down and abandoning module AllDesktopTargetPlatform (97)
[2020.02.20-17.25.29:127][395]LogModuleManager: Shutting down and abandoning module InputCore (94)
[2020.02.20-17.25.29:127][395]LogModuleManager: Shutting down and abandoning module Settings (92)
[2020.02.20-17.25.29:127][395]LogModuleManager: Shutting down and abandoning module DirectoryWatcher (90)
[2020.02.20-17.25.29:128][395]LogModuleManager: Shutting down and abandoning module PhysXCooking (88)
[2020.02.20-17.25.29:128][395]LogModuleManager: Shutting down and abandoning module WindowsPlatformFeatures (86)
[2020.02.20-17.25.29:128][395]LogModuleManager: Shutting down and abandoning module GameplayMediaEncoder (85)
[2020.02.20-17.25.29:128][395]LogModuleManager: Shutting down and abandoning module SteamVR (82)
[2020.02.20-17.25.29:128][395]LogHMD: Freeing OpenVRDLLHandle.
[2020.02.20-17.25.29:128][395]LogModuleManager: Shutting down and abandoning module OculusHMD (80)
[2020.02.20-17.25.29:128][395]LogModuleManager: Shutting down and abandoning module ExampleDeviceProfileSelector (78)
[2020.02.20-17.25.29:129][395]LogModuleManager: Shutting down and abandoning module LauncherChunkInstaller (76)
[2020.02.20-17.25.29:129][395]LogModuleManager: Shutting down and abandoning module OnlineBlueprintSupport (74)
[2020.02.20-17.25.29:129][395]LogModuleManager: Shutting down and abandoning module OnlineSubsystem (70)
[2020.02.20-17.25.29:130][395]LogModuleManager: Shutting down and abandoning module XMPP (65)
[2020.02.20-17.25.29:130][395]LogModuleManager: Shutting down and abandoning module WebSockets (64)
[2020.02.20-17.25.29:158][395]LogModuleManager: Shutting down and abandoning module HTTP (61)
[2020.02.20-17.25.29:158][395]LogHttp: Display: Http module shutting down, but needs to wait on 1 outstanding Http requests:
[2020.02.20-17.25.29:158][395]LogHttp: Display: 	verb=[POST] url=[https://datarouter.ol.epicgames.com/datarouter/api/v1/public/data?SessionID=%7BA1FC4B7E-4049-FC93-EF60-1C811FAE49E4%7D&AppID=UEEditor.Rocket.Release&AppVersion=4.23.1-9631420%2B%2B%2BUE4%2BRelease-4.23&UserID=4a597ec740be83d0eb0ffe9b155b062a%7C42cd3d48435841998e646900a6c14185%7Cc75a34c6-9cea-4efd-a843-b8d5e3dd8477&AppEnvironment=datacollector-binary&UploadType=eteventstream] status=Processing
[2020.02.20-17.25.29:189][395]LogModuleManager: Shutting down and abandoning module SSL (60)
[2020.02.20-17.25.29:190][395]LogModuleManager: Shutting down and abandoning module WmfMedia (56)
[2020.02.20-17.25.29:193][395]LogModuleManager: Shutting down and abandoning module Media (55)
[2020.02.20-17.25.29:194][395]LogModuleManager: Shutting down and abandoning module MagicLeap (52)
[2020.02.20-17.25.29:194][395]LogModuleManager: Shutting down and abandoning module NiagaraVertexFactories (50)
[2020.02.20-17.25.29:194][395]LogModuleManager: Shutting down and abandoning module NiagaraShader (48)
[2020.02.20-17.25.29:194][395]LogModuleManager: Shutting down and abandoning module DatasmithContent (46)
[2020.02.20-17.25.29:194][395]LogModuleManager: Shutting down and abandoning module AISupportModule (44)
[2020.02.20-17.25.29:194][395]LogModuleManager: Shutting down and abandoning module PlatformCryptoOpenSSL (42)
[2020.02.20-17.25.29:194][395]LogModuleManager: Shutting down and abandoning module PlatformCrypto (40)
[2020.02.20-17.25.29:195][395]LogModuleManager: Shutting down and abandoning module AnimationModifiers (38)
[2020.02.20-17.25.29:195][395]LogModuleManager: Shutting down and abandoning module PropertyEditor (37)
[2020.02.20-17.25.29:195][395]LogModuleManager: Shutting down and abandoning module AudioEditor (34)
[2020.02.20-17.25.29:195][395]LogModuleManager: Shutting down and abandoning module TextureCompressor (32)
[2020.02.20-17.25.29:195][395]LogModuleManager: Shutting down and abandoning module RenderCore (30)
[2020.02.20-17.25.29:195][395]LogModuleManager: Shutting down and abandoning module Landscape (28)
[2020.02.20-17.25.29:195][395]LogModuleManager: Shutting down and abandoning module SlateRHIRenderer (26)
[2020.02.20-17.25.29:197][395]LogModuleManager: Shutting down and abandoning module OpenGLDrv (24)
[2020.02.20-17.25.29:197][395]LogModuleManager: Shutting down and abandoning module D3D11RHI (22)
[2020.02.20-17.25.29:197][395]LogModuleManager: Shutting down and abandoning module AnimGraphRuntime (20)
[2020.02.20-17.25.29:197][395]LogModuleManager: Shutting down and abandoning module Renderer (18)
[2020.02.20-17.25.29:197][395]LogModuleManager: Shutting down and abandoning module Engine (16)
[2020.02.20-17.25.29:197][395]LogModuleManager: Shutting down and abandoning module CoreUObject (14)
[2020.02.20-17.25.29:197][395]LogModuleManager: Shutting down and abandoning module NetworkFile (12)
[2020.02.20-17.25.29:197][395]LogModuleManager: Shutting down and abandoning module CookedIterativeFile (10)
[2020.02.20-17.25.29:197][395]LogModuleManager: Shutting down and abandoning module StreamingFile (8)
[2020.02.20-17.25.29:197][395]LogModuleManager: Shutting down and abandoning module SandboxFile (6)
[2020.02.20-17.25.29:197][395]LogModuleManager: Shutting down and abandoning module PakFile (4)
[2020.02.20-17.25.29:197][395]LogModuleManager: Shutting down and abandoning module RSA (3)
[2020.02.20-17.25.29:198][395]LogD3D11RHI: Shutdown
[2020.02.20-17.25.29:198][395]LogD3D11RHI: CleanupD3DDevice
[2020.02.20-17.25.29:198][395]LogRendererCore: FGlobalDynamicReadBuffer::Cleanup()
[2020.02.20-17.25.29:198][395]LogRendererCore: FGlobalDynamicReadBuffer::Cleanup()
[2020.02.20-17.25.29:198][395]LogRendererCore: FGlobalDynamicReadBuffer::Cleanup()
[2020.02.20-17.25.29:200][395]LogD3D11RHI: ~FD3D11DynamicRHI
[2020.02.20-17.25.29:219][395]LogExit: Exiting.
[2020.02.20-17.25.29:242][395]Log file closed, 02/20/20 17:25:29
